Unrecognized option: -X512m
Error: Could not create the Java Virtual Machine.
Error: A fatal exception has occurred. Program will exit.
Unrecognized option: -X512m
Error: Could not create the Java Virtual Machine.
Error: A fatal exception has occurred. Program will exit.
Unrecognized option: -X512m
Error: Could not create the Java Virtual Machine.
Error: A fatal exception has occurred. Program will exit.
Unrecognized option: -X512m
Error: Could not create the Java Virtual Machine.
Error: A fatal exception has occurred. Program will exit.
Unrecognized option: -X512m
Error: Could not create the Java Virtual Machine.
Error: A fatal exception has occurred. Program will exit.
Unrecognized option: -X512m
Error: Could not create the Java Virtual Machine.
Error: A fatal exception has occurred. Program will exit.
Unrecognized option: -X512m
Error: Could not create the Java Virtual Machine.
Error: A fatal exception has occurred. Program will exit.
Unrecognized option: -X512m
Error: Could not create the Java Virtual Machine.
Error: A fatal exception has occurred. Program will exit.
Unrecognized option: -X512m
Error: Could not create the Java Virtual Machine.
Error: A fatal exception has occurred. Program will exit.
Unrecognized option: -X512m
Error: Could not create the Java Virtual Machine.
Error: A fatal exception has occurred. Program will exit.
Unrecognized option: -X512m
Error: Could not create the Java Virtual Machine.
Error: A fatal exception has occurred. Program will exit.
23-Mar-2025 02:57:56.799 INFO [main] org.apache.catalina.startup.VersionLoggerListener.log Server version name:   Apache Tomcat/11.0.5
23-Mar-2025 02:57:56.801 INFO [main] org.apache.catalina.startup.VersionLoggerListener.log Server built:          Feb 28 2025 15:54:41 UTC
23-Mar-2025 02:57:56.801 INFO [main] org.apache.catalina.startup.VersionLoggerListener.log Server version number: 11.0.5.0
23-Mar-2025 02:57:56.801 INFO [main] org.apache.catalina.startup.VersionLoggerListener.log OS Name:               Mac OS X
23-Mar-2025 02:57:56.801 INFO [main] org.apache.catalina.startup.VersionLoggerListener.log OS Version:            15.3.1
23-Mar-2025 02:57:56.801 INFO [main] org.apache.catalina.startup.VersionLoggerListener.log Architecture:          aarch64
23-Mar-2025 02:57:56.801 INFO [main] org.apache.catalina.startup.VersionLoggerListener.log Java Home:             /Library/Java/JavaVirtualMachines/jdk-21.jdk/Contents/Home
23-Mar-2025 02:57:56.801 INFO [main] org.apache.catalina.startup.VersionLoggerListener.log JVM Version:           21.0.2+13-LTS-58
23-Mar-2025 02:57:56.801 INFO [main] org.apache.catalina.startup.VersionLoggerListener.log JVM Vendor:            Oracle Corporation
23-Mar-2025 02:57:56.801 INFO [main] org.apache.catalina.startup.VersionLoggerListener.log CATALINA_BASE:         /Users/rae-anandres/CATALINA_HOME/tomcat/tomcat2
23-Mar-2025 02:57:56.801 INFO [main] org.apache.catalina.startup.VersionLoggerListener.log CATALINA_HOME:         /Users/rae-anandres/CATALINA_HOME/tomcat/tomcat2
23-Mar-2025 02:57:56.807 INFO [main] org.apache.catalina.startup.VersionLoggerListener.log Command line argument: -Djava.util.logging.config.file=/Users/rae-anandres/CATALINA_HOME/tomcat/tomcat2/conf/logging.properties
23-Mar-2025 02:57:56.807 INFO [main] org.apache.catalina.startup.VersionLoggerListener.log Command line argument: -Djava.util.logging.manager=org.apache.juli.ClassLoaderLogManager
23-Mar-2025 02:57:56.807 INFO [main] org.apache.catalina.startup.VersionLoggerListener.log Command line argument: -Djdk.tls.ephemeralDHKeySize=2048
23-Mar-2025 02:57:56.807 INFO [main] org.apache.catalina.startup.VersionLoggerListener.log Command line argument: -Dorg.apache.catalina.security.SecurityListener.UMASK=0027
23-Mar-2025 02:57:56.807 INFO [main] org.apache.catalina.startup.VersionLoggerListener.log Command line argument: --add-opens=java.base/java.lang=ALL-UNNAMED
23-Mar-2025 02:57:56.808 INFO [main] org.apache.catalina.startup.VersionLoggerListener.log Command line argument: --add-opens=java.base/java.lang.reflect=ALL-UNNAMED
23-Mar-2025 02:57:56.808 INFO [main] org.apache.catalina.startup.VersionLoggerListener.log Command line argument: --add-opens=java.base/java.io=ALL-UNNAMED
23-Mar-2025 02:57:56.808 INFO [main] org.apache.catalina.startup.VersionLoggerListener.log Command line argument: --add-opens=java.base/java.util=ALL-UNNAMED
23-Mar-2025 02:57:56.808 INFO [main] org.apache.catalina.startup.VersionLoggerListener.log Command line argument: --add-opens=java.base/java.util.concurrent=ALL-UNNAMED
23-Mar-2025 02:57:56.808 INFO [main] org.apache.catalina.startup.VersionLoggerListener.log Command line argument: --add-opens=java.rmi/sun.rmi.transport=ALL-UNNAMED
23-Mar-2025 02:57:56.808 INFO [main] org.apache.catalina.startup.VersionLoggerListener.log Command line argument: --enable-native-access=ALL-UNNAMED
23-Mar-2025 02:57:56.808 INFO [main] org.apache.catalina.startup.VersionLoggerListener.log Command line argument: -Dcatalina.base=/Users/rae-anandres/CATALINA_HOME/tomcat/tomcat2
23-Mar-2025 02:57:56.808 INFO [main] org.apache.catalina.startup.VersionLoggerListener.log Command line argument: -Dcatalina.home=/Users/rae-anandres/CATALINA_HOME/tomcat/tomcat2
23-Mar-2025 02:57:56.808 INFO [main] org.apache.catalina.startup.VersionLoggerListener.log Command line argument: -Djava.io.tmpdir=/Users/rae-anandres/CATALINA_HOME/tomcat/tomcat2/temp
23-Mar-2025 02:57:56.813 INFO [main] org.apache.catalina.core.AprLifecycleListener.lifecycleEvent The Apache Tomcat Native library which allows using OpenSSL was not found on the java.library.path: [/Users/rae-anandres/Library/Java/Extensions:/Library/Java/Extensions:/Network/Library/Java/Extensions:/System/Library/Java/Extensions:/usr/lib/java:.]
23-Mar-2025 02:57:56.953 INFO [main] org.apache.coyote.AbstractProtocol.init Initializing ProtocolHandler ["http-nio-8081"]
23-Mar-2025 02:57:56.968 INFO [main] org.apache.coyote.AbstractProtocol.init Initializing ProtocolHandler ["ajp-nio-0:0:0:0:0:0:0:1-8010"]
23-Mar-2025 02:57:56.968 INFO [main] org.apache.catalina.startup.Catalina.load Server initialization in [261] milliseconds
23-Mar-2025 02:57:56.985 INFO [main] org.apache.catalina.core.StandardService.startInternal Starting service [Catalina]
23-Mar-2025 02:57:56.985 INFO [main] org.apache.catalina.core.StandardEngine.startInternal Starting Servlet engine: [Apache Tomcat/11.0.5]
23-Mar-2025 02:57:56.992 INFO [main] org.apache.catalina.startup.HostConfig.deployWAR Deploying web application archive [/Users/rae-anandres/CATALINA_HOME/tomcat/tomcat2/webapps/sample.war]
23-Mar-2025 02:57:57.127 INFO [main] org.apache.catalina.startup.HostConfig.deployWAR Deployment of web application archive [/Users/rae-anandres/CATALINA_HOME/tomcat/tomcat2/webapps/sample.war] has finished in [135] ms
23-Mar-2025 02:57:57.127 INFO [main] org.apache.catalina.startup.HostConfig.deployDirectory Deploying web application directory [/Users/rae-anandres/CATALINA_HOME/tomcat/tomcat2/webapps/docs]
23-Mar-2025 02:57:57.139 INFO [main] org.apache.catalina.startup.HostConfig.deployDirectory Deployment of web application directory [/Users/rae-anandres/CATALINA_HOME/tomcat/tomcat2/webapps/docs] has finished in [11] ms
23-Mar-2025 02:57:57.139 INFO [main] org.apache.catalina.startup.HostConfig.deployDirectory Deploying web application directory [/Users/rae-anandres/CATALINA_HOME/tomcat/tomcat2/webapps/manager]
23-Mar-2025 02:57:57.156 INFO [main] org.apache.catalina.startup.HostConfig.deployDirectory Deployment of web application directory [/Users/rae-anandres/CATALINA_HOME/tomcat/tomcat2/webapps/manager] has finished in [17] ms
23-Mar-2025 02:57:57.156 INFO [main] org.apache.catalina.startup.HostConfig.deployDirectory Deploying web application directory [/Users/rae-anandres/CATALINA_HOME/tomcat/tomcat2/webapps/examples]
23-Mar-2025 02:57:57.262 INFO [main] org.apache.catalina.startup.HostConfig.deployDirectory Deployment of web application directory [/Users/rae-anandres/CATALINA_HOME/tomcat/tomcat2/webapps/examples] has finished in [106] ms
23-Mar-2025 02:57:57.262 INFO [main] org.apache.catalina.startup.HostConfig.deployDirectory Deploying web application directory [/Users/rae-anandres/CATALINA_HOME/tomcat/tomcat2/webapps/ROOT]
23-Mar-2025 02:57:57.270 INFO [main] org.apache.catalina.startup.HostConfig.deployDirectory Deployment of web application directory [/Users/rae-anandres/CATALINA_HOME/tomcat/tomcat2/webapps/ROOT] has finished in [7] ms
23-Mar-2025 02:57:57.270 INFO [main] org.apache.catalina.startup.HostConfig.deployDirectory Deploying web application directory [/Users/rae-anandres/CATALINA_HOME/tomcat/tomcat2/webapps/host-manager]
23-Mar-2025 02:57:57.278 INFO [main] org.apache.catalina.startup.HostConfig.deployDirectory Deployment of web application directory [/Users/rae-anandres/CATALINA_HOME/tomcat/tomcat2/webapps/host-manager] has finished in [8] ms
23-Mar-2025 02:57:57.279 INFO [main] org.apache.coyote.AbstractProtocol.start Starting ProtocolHandler ["http-nio-8081"]
23-Mar-2025 02:57:57.285 SEVERE [main] org.apache.catalina.util.LifecycleBase.handleSubClassException Failed to start component [Connector["ajp-nio-0:0:0:0:0:0:0:1-8010"]]
	org.apache.catalina.LifecycleException: Protocol handler start failed
		at org.apache.catalina.connector.Connector.startInternal(Connector.java:1087)
		at org.apache.catalina.util.LifecycleBase.start(LifecycleBase.java:164)
		at org.apache.catalina.core.StandardService.startInternal(StandardService.java:428)
		at org.apache.catalina.util.LifecycleBase.start(LifecycleBase.java:164)
		at org.apache.catalina.core.StandardServer.startInternal(StandardServer.java:866)
		at org.apache.catalina.util.LifecycleBase.start(LifecycleBase.java:164)
		at org.apache.catalina.startup.Catalina.start(Catalina.java:759)
		at java.base/jdk.internal.reflect.DirectMethodHandleAccessor.invoke(DirectMethodHandleAccessor.java:103)
		at java.base/java.lang.reflect.Method.invoke(Method.java:580)
		at org.apache.catalina.startup.Bootstrap.start(Bootstrap.java:342)
		at org.apache.catalina.startup.Bootstrap.main(Bootstrap.java:470)
	Caused by: java.lang.IllegalArgumentException: The AJP Connector is configured with secretRequired="true" but the secret attribute is either null or "". This combination is not valid.
		at org.apache.coyote.ajp.AbstractAjpProtocol.start(AbstractAjpProtocol.java:255)
		at org.apache.catalina.connector.Connector.startInternal(Connector.java:1084)
		... 10 more
23-Mar-2025 02:57:57.286 INFO [main] org.apache.catalina.startup.Catalina.start Server startup in [316] milliseconds
23-Mar-2025 02:58:17.564 INFO [main] org.apache.catalina.core.StandardServer.await A valid shutdown command was received via the shutdown port. Stopping the Server instance.
23-Mar-2025 02:58:17.565 INFO [main] org.apache.coyote.AbstractProtocol.pause Pausing ProtocolHandler ["http-nio-8081"]
23-Mar-2025 02:58:17.567 INFO [main] org.apache.coyote.AbstractProtocol.pause Pausing ProtocolHandler ["ajp-nio-0:0:0:0:0:0:0:1-8010"]
23-Mar-2025 02:58:17.567 INFO [main] org.apache.catalina.core.StandardService.stopInternal Stopping service [Catalina]
23-Mar-2025 02:58:17.578 INFO [main] org.apache.coyote.AbstractProtocol.stop Stopping ProtocolHandler ["http-nio-8081"]
23-Mar-2025 02:58:17.593 INFO [main] org.apache.coyote.AbstractProtocol.destroy Destroying ProtocolHandler ["http-nio-8081"]
23-Mar-2025 02:58:17.594 INFO [main] org.apache.coyote.AbstractProtocol.stop Stopping ProtocolHandler ["ajp-nio-0:0:0:0:0:0:0:1-8010"]
23-Mar-2025 02:58:17.594 INFO [main] org.apache.coyote.AbstractProtocol.destroy Destroying ProtocolHandler ["ajp-nio-0:0:0:0:0:0:0:1-8010"]
Unrecognized option: -X512m
Error: Could not create the Java Virtual Machine.
Error: A fatal exception has occurred. Program will exit.
Unrecognized option: -X512m
Error: Could not create the Java Virtual Machine.
Error: A fatal exception has occurred. Program will exit.
23-Mar-2025 03:22:46.823 INFO [main] org.apache.catalina.startup.VersionLoggerListener.log Server version name:   Apache Tomcat/11.0.5
23-Mar-2025 03:22:46.825 INFO [main] org.apache.catalina.startup.VersionLoggerListener.log Server built:          Feb 28 2025 15:54:41 UTC
23-Mar-2025 03:22:46.825 INFO [main] org.apache.catalina.startup.VersionLoggerListener.log Server version number: 11.0.5.0
23-Mar-2025 03:22:46.825 INFO [main] org.apache.catalina.startup.VersionLoggerListener.log OS Name:               Mac OS X
23-Mar-2025 03:22:46.825 INFO [main] org.apache.catalina.startup.VersionLoggerListener.log OS Version:            15.3.1
23-Mar-2025 03:22:46.825 INFO [main] org.apache.catalina.startup.VersionLoggerListener.log Architecture:          aarch64
23-Mar-2025 03:22:46.825 INFO [main] org.apache.catalina.startup.VersionLoggerListener.log Java Home:             /Library/Java/JavaVirtualMachines/jdk-21.jdk/Contents/Home
23-Mar-2025 03:22:46.825 INFO [main] org.apache.catalina.startup.VersionLoggerListener.log JVM Version:           21.0.2+13-LTS-58
23-Mar-2025 03:22:46.825 INFO [main] org.apache.catalina.startup.VersionLoggerListener.log JVM Vendor:            Oracle Corporation
23-Mar-2025 03:22:46.825 INFO [main] org.apache.catalina.startup.VersionLoggerListener.log CATALINA_BASE:         /Users/rae-anandres/CATALINA_HOME/tomcat/tomcat2
23-Mar-2025 03:22:46.825 INFO [main] org.apache.catalina.startup.VersionLoggerListener.log CATALINA_HOME:         /Users/rae-anandres/CATALINA_HOME/tomcat/tomcat2
23-Mar-2025 03:22:46.830 INFO [main] org.apache.catalina.startup.VersionLoggerListener.log Command line argument: -Djava.util.logging.config.file=/Users/rae-anandres/CATALINA_HOME/tomcat/tomcat2/conf/logging.properties
23-Mar-2025 03:22:46.830 INFO [main] org.apache.catalina.startup.VersionLoggerListener.log Command line argument: -Djava.util.logging.manager=org.apache.juli.ClassLoaderLogManager
23-Mar-2025 03:22:46.830 INFO [main] org.apache.catalina.startup.VersionLoggerListener.log Command line argument: -Djdk.tls.ephemeralDHKeySize=2048
23-Mar-2025 03:22:46.830 INFO [main] org.apache.catalina.startup.VersionLoggerListener.log Command line argument: -Dorg.apache.catalina.security.SecurityListener.UMASK=0027
23-Mar-2025 03:22:46.830 INFO [main] org.apache.catalina.startup.VersionLoggerListener.log Command line argument: --add-opens=java.base/java.lang=ALL-UNNAMED
23-Mar-2025 03:22:46.830 INFO [main] org.apache.catalina.startup.VersionLoggerListener.log Command line argument: --add-opens=java.base/java.lang.reflect=ALL-UNNAMED
23-Mar-2025 03:22:46.830 INFO [main] org.apache.catalina.startup.VersionLoggerListener.log Command line argument: --add-opens=java.base/java.io=ALL-UNNAMED
23-Mar-2025 03:22:46.831 INFO [main] org.apache.catalina.startup.VersionLoggerListener.log Command line argument: --add-opens=java.base/java.util=ALL-UNNAMED
23-Mar-2025 03:22:46.831 INFO [main] org.apache.catalina.startup.VersionLoggerListener.log Command line argument: --add-opens=java.base/java.util.concurrent=ALL-UNNAMED
23-Mar-2025 03:22:46.831 INFO [main] org.apache.catalina.startup.VersionLoggerListener.log Command line argument: --add-opens=java.rmi/sun.rmi.transport=ALL-UNNAMED
23-Mar-2025 03:22:46.831 INFO [main] org.apache.catalina.startup.VersionLoggerListener.log Command line argument: --enable-native-access=ALL-UNNAMED
23-Mar-2025 03:22:46.831 INFO [main] org.apache.catalina.startup.VersionLoggerListener.log Command line argument: -Dcatalina.base=/Users/rae-anandres/CATALINA_HOME/tomcat/tomcat2
23-Mar-2025 03:22:46.831 INFO [main] org.apache.catalina.startup.VersionLoggerListener.log Command line argument: -Dcatalina.home=/Users/rae-anandres/CATALINA_HOME/tomcat/tomcat2
23-Mar-2025 03:22:46.831 INFO [main] org.apache.catalina.startup.VersionLoggerListener.log Command line argument: -Djava.io.tmpdir=/Users/rae-anandres/CATALINA_HOME/tomcat/tomcat2/temp
23-Mar-2025 03:22:46.836 INFO [main] org.apache.catalina.core.AprLifecycleListener.lifecycleEvent The Apache Tomcat Native library which allows using OpenSSL was not found on the java.library.path: [/Users/rae-anandres/Library/Java/Extensions:/Library/Java/Extensions:/Network/Library/Java/Extensions:/System/Library/Java/Extensions:/usr/lib/java:.]
23-Mar-2025 03:22:46.979 INFO [main] org.apache.coyote.AbstractProtocol.init Initializing ProtocolHandler ["http-nio-8081"]
23-Mar-2025 03:22:46.993 INFO [main] org.apache.coyote.AbstractProtocol.init Initializing ProtocolHandler ["ajp-nio-0:0:0:0:0:0:0:1-8010"]
23-Mar-2025 03:22:46.994 INFO [main] org.apache.catalina.startup.Catalina.load Server initialization in [260] milliseconds
23-Mar-2025 03:22:47.011 INFO [main] org.apache.catalina.core.StandardService.startInternal Starting service [Catalina]
23-Mar-2025 03:22:47.011 INFO [main] org.apache.catalina.core.StandardEngine.startInternal Starting Servlet engine: [Apache Tomcat/11.0.5]
23-Mar-2025 03:22:47.018 INFO [main] org.apache.catalina.startup.HostConfig.deployWAR Deploying web application archive [/Users/rae-anandres/CATALINA_HOME/tomcat/tomcat2/webapps/sample.war]
23-Mar-2025 03:22:47.152 INFO [main] org.apache.catalina.startup.HostConfig.deployWAR Deployment of web application archive [/Users/rae-anandres/CATALINA_HOME/tomcat/tomcat2/webapps/sample.war] has finished in [134] ms
23-Mar-2025 03:22:47.153 INFO [main] org.apache.catalina.startup.HostConfig.deployDirectory Deploying web application directory [/Users/rae-anandres/CATALINA_HOME/tomcat/tomcat2/webapps/docs]
23-Mar-2025 03:22:47.164 INFO [main] org.apache.catalina.startup.HostConfig.deployDirectory Deployment of web application directory [/Users/rae-anandres/CATALINA_HOME/tomcat/tomcat2/webapps/docs] has finished in [11] ms
23-Mar-2025 03:22:47.164 INFO [main] org.apache.catalina.startup.HostConfig.deployDirectory Deploying web application directory [/Users/rae-anandres/CATALINA_HOME/tomcat/tomcat2/webapps/manager]
23-Mar-2025 03:22:47.180 INFO [main] org.apache.catalina.startup.HostConfig.deployDirectory Deployment of web application directory [/Users/rae-anandres/CATALINA_HOME/tomcat/tomcat2/webapps/manager] has finished in [15] ms
23-Mar-2025 03:22:47.180 INFO [main] org.apache.catalina.startup.HostConfig.deployDirectory Deploying web application directory [/Users/rae-anandres/CATALINA_HOME/tomcat/tomcat2/webapps/examples]
23-Mar-2025 03:22:47.286 INFO [main] org.apache.catalina.startup.HostConfig.deployDirectory Deployment of web application directory [/Users/rae-anandres/CATALINA_HOME/tomcat/tomcat2/webapps/examples] has finished in [106] ms
23-Mar-2025 03:22:47.286 INFO [main] org.apache.catalina.startup.HostConfig.deployDirectory Deploying web application directory [/Users/rae-anandres/CATALINA_HOME/tomcat/tomcat2/webapps/ROOT]
23-Mar-2025 03:22:47.293 INFO [main] org.apache.catalina.startup.HostConfig.deployDirectory Deployment of web application directory [/Users/rae-anandres/CATALINA_HOME/tomcat/tomcat2/webapps/ROOT] has finished in [7] ms
23-Mar-2025 03:22:47.293 INFO [main] org.apache.catalina.startup.HostConfig.deployDirectory Deploying web application directory [/Users/rae-anandres/CATALINA_HOME/tomcat/tomcat2/webapps/host-manager]
23-Mar-2025 03:22:47.302 INFO [main] org.apache.catalina.startup.HostConfig.deployDirectory Deployment of web application directory [/Users/rae-anandres/CATALINA_HOME/tomcat/tomcat2/webapps/host-manager] has finished in [9] ms
23-Mar-2025 03:22:47.303 INFO [main] org.apache.coyote.AbstractProtocol.start Starting ProtocolHandler ["http-nio-8081"]
23-Mar-2025 03:22:47.309 SEVERE [main] org.apache.catalina.util.LifecycleBase.handleSubClassException Failed to start component [Connector["ajp-nio-0:0:0:0:0:0:0:1-8010"]]
	org.apache.catalina.LifecycleException: Protocol handler start failed
		at org.apache.catalina.connector.Connector.startInternal(Connector.java:1087)
		at org.apache.catalina.util.LifecycleBase.start(LifecycleBase.java:164)
		at org.apache.catalina.core.StandardService.startInternal(StandardService.java:428)
		at org.apache.catalina.util.LifecycleBase.start(LifecycleBase.java:164)
		at org.apache.catalina.core.StandardServer.startInternal(StandardServer.java:866)
		at org.apache.catalina.util.LifecycleBase.start(LifecycleBase.java:164)
		at org.apache.catalina.startup.Catalina.start(Catalina.java:759)
		at java.base/jdk.internal.reflect.DirectMethodHandleAccessor.invoke(DirectMethodHandleAccessor.java:103)
		at java.base/java.lang.reflect.Method.invoke(Method.java:580)
		at org.apache.catalina.startup.Bootstrap.start(Bootstrap.java:342)
		at org.apache.catalina.startup.Bootstrap.main(Bootstrap.java:470)
	Caused by: java.lang.IllegalArgumentException: The AJP Connector is configured with secretRequired="true" but the secret attribute is either null or "". This combination is not valid.
		at org.apache.coyote.ajp.AbstractAjpProtocol.start(AbstractAjpProtocol.java:255)
		at org.apache.catalina.connector.Connector.startInternal(Connector.java:1084)
		... 10 more
23-Mar-2025 03:22:47.310 INFO [main] org.apache.catalina.startup.Catalina.start Server startup in [315] milliseconds
23-Mar-2025 03:25:59.850 INFO [main] org.apache.catalina.core.StandardServer.await A valid shutdown command was received via the shutdown port. Stopping the Server instance.
23-Mar-2025 03:25:59.850 INFO [main] org.apache.coyote.AbstractProtocol.pause Pausing ProtocolHandler ["http-nio-8081"]
23-Mar-2025 03:25:59.853 INFO [main] org.apache.coyote.AbstractProtocol.pause Pausing ProtocolHandler ["ajp-nio-0:0:0:0:0:0:0:1-8010"]
23-Mar-2025 03:25:59.853 INFO [main] org.apache.catalina.core.StandardService.stopInternal Stopping service [Catalina]
23-Mar-2025 03:25:59.862 INFO [main] org.apache.coyote.AbstractProtocol.stop Stopping ProtocolHandler ["http-nio-8081"]
23-Mar-2025 03:25:59.864 INFO [main] org.apache.coyote.AbstractProtocol.destroy Destroying ProtocolHandler ["http-nio-8081"]
23-Mar-2025 03:25:59.864 INFO [main] org.apache.coyote.AbstractProtocol.stop Stopping ProtocolHandler ["ajp-nio-0:0:0:0:0:0:0:1-8010"]
23-Mar-2025 03:25:59.864 INFO [main] org.apache.coyote.AbstractProtocol.destroy Destroying ProtocolHandler ["ajp-nio-0:0:0:0:0:0:0:1-8010"]
23-Mar-2025 03:26:12.812 INFO [main] org.apache.catalina.startup.VersionLoggerListener.log Server version name:   Apache Tomcat/11.0.5
23-Mar-2025 03:26:12.814 INFO [main] org.apache.catalina.startup.VersionLoggerListener.log Server built:          Feb 28 2025 15:54:41 UTC
23-Mar-2025 03:26:12.814 INFO [main] org.apache.catalina.startup.VersionLoggerListener.log Server version number: 11.0.5.0
23-Mar-2025 03:26:12.814 INFO [main] org.apache.catalina.startup.VersionLoggerListener.log OS Name:               Mac OS X
23-Mar-2025 03:26:12.814 INFO [main] org.apache.catalina.startup.VersionLoggerListener.log OS Version:            15.3.1
23-Mar-2025 03:26:12.814 INFO [main] org.apache.catalina.startup.VersionLoggerListener.log Architecture:          aarch64
23-Mar-2025 03:26:12.814 INFO [main] org.apache.catalina.startup.VersionLoggerListener.log Java Home:             /Library/Java/JavaVirtualMachines/jdk-21.jdk/Contents/Home
23-Mar-2025 03:26:12.814 INFO [main] org.apache.catalina.startup.VersionLoggerListener.log JVM Version:           21.0.2+13-LTS-58
23-Mar-2025 03:26:12.814 INFO [main] org.apache.catalina.startup.VersionLoggerListener.log JVM Vendor:            Oracle Corporation
23-Mar-2025 03:26:12.814 INFO [main] org.apache.catalina.startup.VersionLoggerListener.log CATALINA_BASE:         /Users/rae-anandres/CATALINA_HOME/tomcat/tomcat2
23-Mar-2025 03:26:12.814 INFO [main] org.apache.catalina.startup.VersionLoggerListener.log CATALINA_HOME:         /Users/rae-anandres/CATALINA_HOME/tomcat/tomcat2
23-Mar-2025 03:26:12.819 INFO [main] org.apache.catalina.startup.VersionLoggerListener.log Command line argument: -Djava.util.logging.config.file=/Users/rae-anandres/CATALINA_HOME/tomcat/tomcat2/conf/logging.properties
23-Mar-2025 03:26:12.819 INFO [main] org.apache.catalina.startup.VersionLoggerListener.log Command line argument: -Djava.util.logging.manager=org.apache.juli.ClassLoaderLogManager
23-Mar-2025 03:26:12.820 INFO [main] org.apache.catalina.startup.VersionLoggerListener.log Command line argument: -Djdk.tls.ephemeralDHKeySize=2048
23-Mar-2025 03:26:12.820 INFO [main] org.apache.catalina.startup.VersionLoggerListener.log Command line argument: -Dorg.apache.catalina.security.SecurityListener.UMASK=0027
23-Mar-2025 03:26:12.820 INFO [main] org.apache.catalina.startup.VersionLoggerListener.log Command line argument: --add-opens=java.base/java.lang=ALL-UNNAMED
23-Mar-2025 03:26:12.820 INFO [main] org.apache.catalina.startup.VersionLoggerListener.log Command line argument: --add-opens=java.base/java.lang.reflect=ALL-UNNAMED
23-Mar-2025 03:26:12.820 INFO [main] org.apache.catalina.startup.VersionLoggerListener.log Command line argument: --add-opens=java.base/java.io=ALL-UNNAMED
23-Mar-2025 03:26:12.820 INFO [main] org.apache.catalina.startup.VersionLoggerListener.log Command line argument: --add-opens=java.base/java.util=ALL-UNNAMED
23-Mar-2025 03:26:12.820 INFO [main] org.apache.catalina.startup.VersionLoggerListener.log Command line argument: --add-opens=java.base/java.util.concurrent=ALL-UNNAMED
23-Mar-2025 03:26:12.820 INFO [main] org.apache.catalina.startup.VersionLoggerListener.log Command line argument: --add-opens=java.rmi/sun.rmi.transport=ALL-UNNAMED
23-Mar-2025 03:26:12.820 INFO [main] org.apache.catalina.startup.VersionLoggerListener.log Command line argument: --enable-native-access=ALL-UNNAMED
23-Mar-2025 03:26:12.820 INFO [main] org.apache.catalina.startup.VersionLoggerListener.log Command line argument: -Dcatalina.base=/Users/rae-anandres/CATALINA_HOME/tomcat/tomcat2
23-Mar-2025 03:26:12.820 INFO [main] org.apache.catalina.startup.VersionLoggerListener.log Command line argument: -Dcatalina.home=/Users/rae-anandres/CATALINA_HOME/tomcat/tomcat2
23-Mar-2025 03:26:12.820 INFO [main] org.apache.catalina.startup.VersionLoggerListener.log Command line argument: -Djava.io.tmpdir=/Users/rae-anandres/CATALINA_HOME/tomcat/tomcat2/temp
23-Mar-2025 03:26:12.825 INFO [main] org.apache.catalina.core.AprLifecycleListener.lifecycleEvent The Apache Tomcat Native library which allows using OpenSSL was not found on the java.library.path: [/Users/rae-anandres/Library/Java/Extensions:/Library/Java/Extensions:/Network/Library/Java/Extensions:/System/Library/Java/Extensions:/usr/lib/java:.]
23-Mar-2025 03:26:12.971 INFO [main] org.apache.coyote.AbstractProtocol.init Initializing ProtocolHandler ["http-nio-8081"]
23-Mar-2025 03:26:12.986 INFO [main] org.apache.coyote.AbstractProtocol.init Initializing ProtocolHandler ["ajp-nio-0:0:0:0:0:0:0:1-8010"]
23-Mar-2025 03:26:12.986 INFO [main] org.apache.catalina.startup.Catalina.load Server initialization in [262] milliseconds
23-Mar-2025 03:26:13.002 INFO [main] org.apache.catalina.core.StandardService.startInternal Starting service [Catalina]
23-Mar-2025 03:26:13.003 INFO [main] org.apache.catalina.core.StandardEngine.startInternal Starting Servlet engine: [Apache Tomcat/11.0.5]
23-Mar-2025 03:26:13.009 INFO [main] org.apache.catalina.startup.HostConfig.deployWAR Deploying web application archive [/Users/rae-anandres/CATALINA_HOME/tomcat/tomcat2/webapps/sample.war]
23-Mar-2025 03:26:13.139 INFO [main] org.apache.catalina.startup.HostConfig.deployWAR Deployment of web application archive [/Users/rae-anandres/CATALINA_HOME/tomcat/tomcat2/webapps/sample.war] has finished in [130] ms
23-Mar-2025 03:26:13.139 INFO [main] org.apache.catalina.startup.HostConfig.deployDirectory Deploying web application directory [/Users/rae-anandres/CATALINA_HOME/tomcat/tomcat2/webapps/docs]
23-Mar-2025 03:26:13.149 INFO [main] org.apache.catalina.startup.HostConfig.deployDirectory Deployment of web application directory [/Users/rae-anandres/CATALINA_HOME/tomcat/tomcat2/webapps/docs] has finished in [10] ms
23-Mar-2025 03:26:13.149 INFO [main] org.apache.catalina.startup.HostConfig.deployDirectory Deploying web application directory [/Users/rae-anandres/CATALINA_HOME/tomcat/tomcat2/webapps/manager]
23-Mar-2025 03:26:13.166 INFO [main] org.apache.catalina.startup.HostConfig.deployDirectory Deployment of web application directory [/Users/rae-anandres/CATALINA_HOME/tomcat/tomcat2/webapps/manager] has finished in [16] ms
23-Mar-2025 03:26:13.166 INFO [main] org.apache.catalina.startup.HostConfig.deployDirectory Deploying web application directory [/Users/rae-anandres/CATALINA_HOME/tomcat/tomcat2/webapps/examples]
23-Mar-2025 03:26:13.266 INFO [main] org.apache.catalina.startup.HostConfig.deployDirectory Deployment of web application directory [/Users/rae-anandres/CATALINA_HOME/tomcat/tomcat2/webapps/examples] has finished in [100] ms
23-Mar-2025 03:26:13.266 INFO [main] org.apache.catalina.startup.HostConfig.deployDirectory Deploying web application directory [/Users/rae-anandres/CATALINA_HOME/tomcat/tomcat2/webapps/ROOT]
23-Mar-2025 03:26:13.273 INFO [main] org.apache.catalina.startup.HostConfig.deployDirectory Deployment of web application directory [/Users/rae-anandres/CATALINA_HOME/tomcat/tomcat2/webapps/ROOT] has finished in [7] ms
23-Mar-2025 03:26:13.273 INFO [main] org.apache.catalina.startup.HostConfig.deployDirectory Deploying web application directory [/Users/rae-anandres/CATALINA_HOME/tomcat/tomcat2/webapps/host-manager]
23-Mar-2025 03:26:13.281 INFO [main] org.apache.catalina.startup.HostConfig.deployDirectory Deployment of web application directory [/Users/rae-anandres/CATALINA_HOME/tomcat/tomcat2/webapps/host-manager] has finished in [8] ms
23-Mar-2025 03:26:13.283 INFO [main] org.apache.coyote.AbstractProtocol.start Starting ProtocolHandler ["http-nio-8081"]
23-Mar-2025 03:26:13.289 SEVERE [main] org.apache.catalina.util.LifecycleBase.handleSubClassException Failed to start component [Connector["ajp-nio-0:0:0:0:0:0:0:1-8010"]]
	org.apache.catalina.LifecycleException: Protocol handler start failed
		at org.apache.catalina.connector.Connector.startInternal(Connector.java:1087)
		at org.apache.catalina.util.LifecycleBase.start(LifecycleBase.java:164)
		at org.apache.catalina.core.StandardService.startInternal(StandardService.java:428)
		at org.apache.catalina.util.LifecycleBase.start(LifecycleBase.java:164)
		at org.apache.catalina.core.StandardServer.startInternal(StandardServer.java:866)
		at org.apache.catalina.util.LifecycleBase.start(LifecycleBase.java:164)
		at org.apache.catalina.startup.Catalina.start(Catalina.java:759)
		at java.base/jdk.internal.reflect.DirectMethodHandleAccessor.invoke(DirectMethodHandleAccessor.java:103)
		at java.base/java.lang.reflect.Method.invoke(Method.java:580)
		at org.apache.catalina.startup.Bootstrap.start(Bootstrap.java:342)
		at org.apache.catalina.startup.Bootstrap.main(Bootstrap.java:470)
	Caused by: java.lang.IllegalArgumentException: The AJP Connector is configured with secretRequired="true" but the secret attribute is either null or "". This combination is not valid.
		at org.apache.coyote.ajp.AbstractAjpProtocol.start(AbstractAjpProtocol.java:255)
		at org.apache.catalina.connector.Connector.startInternal(Connector.java:1084)
		... 10 more
23-Mar-2025 03:26:13.290 INFO [main] org.apache.catalina.startup.Catalina.start Server startup in [302] milliseconds
23-Mar-2025 03:26:39.553 INFO [main] org.apache.catalina.core.StandardServer.await A valid shutdown command was received via the shutdown port. Stopping the Server instance.
23-Mar-2025 03:26:39.554 INFO [main] org.apache.coyote.AbstractProtocol.pause Pausing ProtocolHandler ["http-nio-8081"]
23-Mar-2025 03:26:39.556 INFO [main] org.apache.coyote.AbstractProtocol.pause Pausing ProtocolHandler ["ajp-nio-0:0:0:0:0:0:0:1-8010"]
23-Mar-2025 03:26:39.556 INFO [main] org.apache.catalina.core.StandardService.stopInternal Stopping service [Catalina]
23-Mar-2025 03:26:39.566 INFO [main] org.apache.coyote.AbstractProtocol.stop Stopping ProtocolHandler ["http-nio-8081"]
23-Mar-2025 03:26:39.568 INFO [main] org.apache.coyote.AbstractProtocol.destroy Destroying ProtocolHandler ["http-nio-8081"]
23-Mar-2025 03:26:39.568 INFO [main] org.apache.coyote.AbstractProtocol.stop Stopping ProtocolHandler ["ajp-nio-0:0:0:0:0:0:0:1-8010"]
23-Mar-2025 03:26:39.568 INFO [main] org.apache.coyote.AbstractProtocol.destroy Destroying ProtocolHandler ["ajp-nio-0:0:0:0:0:0:0:1-8010"]
Unrecognized option: -X512m
Error: Could not create the Java Virtual Machine.
Error: A fatal exception has occurred. Program will exit.
23-Mar-2025 04:01:53.785 INFO [main] org.apache.catalina.startup.VersionLoggerListener.log Server version name:   Apache Tomcat/11.0.5
23-Mar-2025 04:01:53.787 INFO [main] org.apache.catalina.startup.VersionLoggerListener.log Server built:          Feb 28 2025 15:54:41 UTC
23-Mar-2025 04:01:53.787 INFO [main] org.apache.catalina.startup.VersionLoggerListener.log Server version number: 11.0.5.0
23-Mar-2025 04:01:53.787 INFO [main] org.apache.catalina.startup.VersionLoggerListener.log OS Name:               Mac OS X
23-Mar-2025 04:01:53.787 INFO [main] org.apache.catalina.startup.VersionLoggerListener.log OS Version:            15.3.1
23-Mar-2025 04:01:53.787 INFO [main] org.apache.catalina.startup.VersionLoggerListener.log Architecture:          aarch64
23-Mar-2025 04:01:53.787 INFO [main] org.apache.catalina.startup.VersionLoggerListener.log Java Home:             /Library/Java/JavaVirtualMachines/jdk-21.jdk/Contents/Home
23-Mar-2025 04:01:53.787 INFO [main] org.apache.catalina.startup.VersionLoggerListener.log JVM Version:           21.0.2+13-LTS-58
23-Mar-2025 04:01:53.787 INFO [main] org.apache.catalina.startup.VersionLoggerListener.log JVM Vendor:            Oracle Corporation
23-Mar-2025 04:01:53.788 INFO [main] org.apache.catalina.startup.VersionLoggerListener.log CATALINA_BASE:         /Users/rae-anandres/CATALINA_HOME/tomcat/tomcat2
23-Mar-2025 04:01:53.788 INFO [main] org.apache.catalina.startup.VersionLoggerListener.log CATALINA_HOME:         /Users/rae-anandres/CATALINA_HOME/tomcat/tomcat2
23-Mar-2025 04:01:53.792 INFO [main] org.apache.catalina.startup.VersionLoggerListener.log Command line argument: -Djava.util.logging.config.file=/Users/rae-anandres/CATALINA_HOME/tomcat/tomcat2/conf/logging.properties
23-Mar-2025 04:01:53.792 INFO [main] org.apache.catalina.startup.VersionLoggerListener.log Command line argument: -Djava.util.logging.manager=org.apache.juli.ClassLoaderLogManager
23-Mar-2025 04:01:53.792 INFO [main] org.apache.catalina.startup.VersionLoggerListener.log Command line argument: -Djdk.tls.ephemeralDHKeySize=2048
23-Mar-2025 04:01:53.793 INFO [main] org.apache.catalina.startup.VersionLoggerListener.log Command line argument: -Dorg.apache.catalina.security.SecurityListener.UMASK=0027
23-Mar-2025 04:01:53.793 INFO [main] org.apache.catalina.startup.VersionLoggerListener.log Command line argument: --add-opens=java.base/java.lang=ALL-UNNAMED
23-Mar-2025 04:01:53.793 INFO [main] org.apache.catalina.startup.VersionLoggerListener.log Command line argument: --add-opens=java.base/java.lang.reflect=ALL-UNNAMED
23-Mar-2025 04:01:53.793 INFO [main] org.apache.catalina.startup.VersionLoggerListener.log Command line argument: --add-opens=java.base/java.io=ALL-UNNAMED
23-Mar-2025 04:01:53.793 INFO [main] org.apache.catalina.startup.VersionLoggerListener.log Command line argument: --add-opens=java.base/java.util=ALL-UNNAMED
23-Mar-2025 04:01:53.793 INFO [main] org.apache.catalina.startup.VersionLoggerListener.log Command line argument: --add-opens=java.base/java.util.concurrent=ALL-UNNAMED
23-Mar-2025 04:01:53.793 INFO [main] org.apache.catalina.startup.VersionLoggerListener.log Command line argument: --add-opens=java.rmi/sun.rmi.transport=ALL-UNNAMED
23-Mar-2025 04:01:53.793 INFO [main] org.apache.catalina.startup.VersionLoggerListener.log Command line argument: --enable-native-access=ALL-UNNAMED
23-Mar-2025 04:01:53.793 INFO [main] org.apache.catalina.startup.VersionLoggerListener.log Command line argument: -Dcatalina.base=/Users/rae-anandres/CATALINA_HOME/tomcat/tomcat2
23-Mar-2025 04:01:53.793 INFO [main] org.apache.catalina.startup.VersionLoggerListener.log Command line argument: -Dcatalina.home=/Users/rae-anandres/CATALINA_HOME/tomcat/tomcat2
23-Mar-2025 04:01:53.793 INFO [main] org.apache.catalina.startup.VersionLoggerListener.log Command line argument: -Djava.io.tmpdir=/Users/rae-anandres/CATALINA_HOME/tomcat/tomcat2/temp
23-Mar-2025 04:01:53.798 INFO [main] org.apache.catalina.core.AprLifecycleListener.lifecycleEvent The Apache Tomcat Native library which allows using OpenSSL was not found on the java.library.path: [/Users/rae-anandres/Library/Java/Extensions:/Library/Java/Extensions:/Network/Library/Java/Extensions:/System/Library/Java/Extensions:/usr/lib/java:.]
23-Mar-2025 04:01:53.940 INFO [main] org.apache.coyote.AbstractProtocol.init Initializing ProtocolHandler ["http-nio-8081"]
23-Mar-2025 04:01:53.955 INFO [main] org.apache.coyote.AbstractProtocol.init Initializing ProtocolHandler ["ajp-nio-0:0:0:0:0:0:0:1-8010"]
23-Mar-2025 04:01:53.956 INFO [main] org.apache.catalina.startup.Catalina.load Server initialization in [255] milliseconds
23-Mar-2025 04:01:53.971 INFO [main] org.apache.catalina.core.StandardService.startInternal Starting service [Catalina]
23-Mar-2025 04:01:53.971 INFO [main] org.apache.catalina.core.StandardEngine.startInternal Starting Servlet engine: [Apache Tomcat/11.0.5]
23-Mar-2025 04:01:53.974 INFO [main] org.apache.catalina.startup.HostConfig.deployDirectory Deploying web application directory [/Users/rae-anandres/CATALINA_HOME/tomcat/tomcat2/webapps/docs]
23-Mar-2025 04:01:54.104 INFO [main] org.apache.catalina.startup.HostConfig.deployDirectory Deployment of web application directory [/Users/rae-anandres/CATALINA_HOME/tomcat/tomcat2/webapps/docs] has finished in [129] ms
23-Mar-2025 04:01:54.104 INFO [main] org.apache.catalina.startup.HostConfig.deployDirectory Deploying web application directory [/Users/rae-anandres/CATALINA_HOME/tomcat/tomcat2/webapps/manager]
23-Mar-2025 04:01:54.120 INFO [main] org.apache.catalina.startup.HostConfig.deployDirectory Deployment of web application directory [/Users/rae-anandres/CATALINA_HOME/tomcat/tomcat2/webapps/manager] has finished in [16] ms
23-Mar-2025 04:01:54.120 INFO [main] org.apache.catalina.startup.HostConfig.deployDirectory Deploying web application directory [/Users/rae-anandres/CATALINA_HOME/tomcat/tomcat2/webapps/examples]
23-Mar-2025 04:01:54.226 INFO [main] org.apache.catalina.startup.HostConfig.deployDirectory Deployment of web application directory [/Users/rae-anandres/CATALINA_HOME/tomcat/tomcat2/webapps/examples] has finished in [106] ms
23-Mar-2025 04:01:54.226 INFO [main] org.apache.catalina.startup.HostConfig.deployDirectory Deploying web application directory [/Users/rae-anandres/CATALINA_HOME/tomcat/tomcat2/webapps/sample]
23-Mar-2025 04:01:54.238 INFO [main] org.apache.catalina.startup.HostConfig.deployDirectory Deployment of web application directory [/Users/rae-anandres/CATALINA_HOME/tomcat/tomcat2/webapps/sample] has finished in [12] ms
23-Mar-2025 04:01:54.238 INFO [main] org.apache.catalina.startup.HostConfig.deployDirectory Deploying web application directory [/Users/rae-anandres/CATALINA_HOME/tomcat/tomcat2/webapps/ROOT]
23-Mar-2025 04:01:54.245 INFO [main] org.apache.catalina.startup.HostConfig.deployDirectory Deployment of web application directory [/Users/rae-anandres/CATALINA_HOME/tomcat/tomcat2/webapps/ROOT] has finished in [7] ms
23-Mar-2025 04:01:54.245 INFO [main] org.apache.catalina.startup.HostConfig.deployDirectory Deploying web application directory [/Users/rae-anandres/CATALINA_HOME/tomcat/tomcat2/webapps/host-manager]
23-Mar-2025 04:01:54.253 INFO [main] org.apache.catalina.startup.HostConfig.deployDirectory Deployment of web application directory [/Users/rae-anandres/CATALINA_HOME/tomcat/tomcat2/webapps/host-manager] has finished in [8] ms
23-Mar-2025 04:01:54.255 INFO [main] org.apache.coyote.AbstractProtocol.start Starting ProtocolHandler ["http-nio-8081"]
23-Mar-2025 04:01:54.261 SEVERE [main] org.apache.catalina.util.LifecycleBase.handleSubClassException Failed to start component [Connector["ajp-nio-0:0:0:0:0:0:0:1-8010"]]
	org.apache.catalina.LifecycleException: Protocol handler start failed
		at org.apache.catalina.connector.Connector.startInternal(Connector.java:1087)
		at org.apache.catalina.util.LifecycleBase.start(LifecycleBase.java:164)
		at org.apache.catalina.core.StandardService.startInternal(StandardService.java:428)
		at org.apache.catalina.util.LifecycleBase.start(LifecycleBase.java:164)
		at org.apache.catalina.core.StandardServer.startInternal(StandardServer.java:866)
		at org.apache.catalina.util.LifecycleBase.start(LifecycleBase.java:164)
		at org.apache.catalina.startup.Catalina.start(Catalina.java:759)
		at java.base/jdk.internal.reflect.DirectMethodHandleAccessor.invoke(DirectMethodHandleAccessor.java:103)
		at java.base/java.lang.reflect.Method.invoke(Method.java:580)
		at org.apache.catalina.startup.Bootstrap.start(Bootstrap.java:342)
		at org.apache.catalina.startup.Bootstrap.main(Bootstrap.java:470)
	Caused by: java.lang.IllegalArgumentException: The AJP Connector is configured with secretRequired="true" but the secret attribute is either null or "". This combination is not valid.
		at org.apache.coyote.ajp.AbstractAjpProtocol.start(AbstractAjpProtocol.java:255)
		at org.apache.catalina.connector.Connector.startInternal(Connector.java:1084)
		... 10 more
23-Mar-2025 04:01:54.261 INFO [main] org.apache.catalina.startup.Catalina.start Server startup in [304] milliseconds
23-Mar-2025 04:02:35.576 INFO [main] org.apache.catalina.core.StandardServer.await A valid shutdown command was received via the shutdown port. Stopping the Server instance.
23-Mar-2025 04:02:35.576 INFO [main] org.apache.coyote.AbstractProtocol.pause Pausing ProtocolHandler ["http-nio-8081"]
23-Mar-2025 04:02:35.578 INFO [main] org.apache.coyote.AbstractProtocol.pause Pausing ProtocolHandler ["ajp-nio-0:0:0:0:0:0:0:1-8010"]
23-Mar-2025 04:02:35.579 INFO [main] org.apache.catalina.core.StandardService.stopInternal Stopping service [Catalina]
23-Mar-2025 04:02:35.588 INFO [main] org.apache.coyote.AbstractProtocol.stop Stopping ProtocolHandler ["http-nio-8081"]
23-Mar-2025 04:02:35.591 INFO [main] org.apache.coyote.AbstractProtocol.destroy Destroying ProtocolHandler ["http-nio-8081"]
23-Mar-2025 04:02:35.591 INFO [main] org.apache.coyote.AbstractProtocol.stop Stopping ProtocolHandler ["ajp-nio-0:0:0:0:0:0:0:1-8010"]
23-Mar-2025 04:02:35.591 INFO [main] org.apache.coyote.AbstractProtocol.destroy Destroying ProtocolHandler ["ajp-nio-0:0:0:0:0:0:0:1-8010"]
23-Mar-2025 04:12:40.221 INFO [main] org.apache.catalina.startup.VersionLoggerListener.log Server version name:   Apache Tomcat/11.0.5
23-Mar-2025 04:12:40.223 INFO [main] org.apache.catalina.startup.VersionLoggerListener.log Server built:          Feb 28 2025 15:54:41 UTC
23-Mar-2025 04:12:40.223 INFO [main] org.apache.catalina.startup.VersionLoggerListener.log Server version number: 11.0.5.0
23-Mar-2025 04:12:40.223 INFO [main] org.apache.catalina.startup.VersionLoggerListener.log OS Name:               Mac OS X
23-Mar-2025 04:12:40.223 INFO [main] org.apache.catalina.startup.VersionLoggerListener.log OS Version:            15.3.1
23-Mar-2025 04:12:40.223 INFO [main] org.apache.catalina.startup.VersionLoggerListener.log Architecture:          aarch64
23-Mar-2025 04:12:40.223 INFO [main] org.apache.catalina.startup.VersionLoggerListener.log Java Home:             /Library/Java/JavaVirtualMachines/jdk-21.jdk/Contents/Home
23-Mar-2025 04:12:40.223 INFO [main] org.apache.catalina.startup.VersionLoggerListener.log JVM Version:           21.0.2+13-LTS-58
23-Mar-2025 04:12:40.224 INFO [main] org.apache.catalina.startup.VersionLoggerListener.log JVM Vendor:            Oracle Corporation
23-Mar-2025 04:12:40.224 INFO [main] org.apache.catalina.startup.VersionLoggerListener.log CATALINA_BASE:         /Users/rae-anandres/CATALINA_HOME/tomcat/tomcat2
23-Mar-2025 04:12:40.224 INFO [main] org.apache.catalina.startup.VersionLoggerListener.log CATALINA_HOME:         /Users/rae-anandres/CATALINA_HOME/tomcat/tomcat2
23-Mar-2025 04:12:40.229 INFO [main] org.apache.catalina.startup.VersionLoggerListener.log Command line argument: -Djava.util.logging.config.file=/Users/rae-anandres/CATALINA_HOME/tomcat/tomcat2/conf/logging.properties
23-Mar-2025 04:12:40.229 INFO [main] org.apache.catalina.startup.VersionLoggerListener.log Command line argument: -Djava.util.logging.manager=org.apache.juli.ClassLoaderLogManager
23-Mar-2025 04:12:40.229 INFO [main] org.apache.catalina.startup.VersionLoggerListener.log Command line argument: -Djdk.tls.ephemeralDHKeySize=2048
23-Mar-2025 04:12:40.229 INFO [main] org.apache.catalina.startup.VersionLoggerListener.log Command line argument: -Dorg.apache.catalina.security.SecurityListener.UMASK=0027
23-Mar-2025 04:12:40.229 INFO [main] org.apache.catalina.startup.VersionLoggerListener.log Command line argument: --add-opens=java.base/java.lang=ALL-UNNAMED
23-Mar-2025 04:12:40.229 INFO [main] org.apache.catalina.startup.VersionLoggerListener.log Command line argument: --add-opens=java.base/java.lang.reflect=ALL-UNNAMED
23-Mar-2025 04:12:40.229 INFO [main] org.apache.catalina.startup.VersionLoggerListener.log Command line argument: --add-opens=java.base/java.io=ALL-UNNAMED
23-Mar-2025 04:12:40.229 INFO [main] org.apache.catalina.startup.VersionLoggerListener.log Command line argument: --add-opens=java.base/java.util=ALL-UNNAMED
23-Mar-2025 04:12:40.229 INFO [main] org.apache.catalina.startup.VersionLoggerListener.log Command line argument: --add-opens=java.base/java.util.concurrent=ALL-UNNAMED
23-Mar-2025 04:12:40.229 INFO [main] org.apache.catalina.startup.VersionLoggerListener.log Command line argument: --add-opens=java.rmi/sun.rmi.transport=ALL-UNNAMED
23-Mar-2025 04:12:40.229 INFO [main] org.apache.catalina.startup.VersionLoggerListener.log Command line argument: --enable-native-access=ALL-UNNAMED
23-Mar-2025 04:12:40.229 INFO [main] org.apache.catalina.startup.VersionLoggerListener.log Command line argument: -Dcatalina.base=/Users/rae-anandres/CATALINA_HOME/tomcat/tomcat2
23-Mar-2025 04:12:40.229 INFO [main] org.apache.catalina.startup.VersionLoggerListener.log Command line argument: -Dcatalina.home=/Users/rae-anandres/CATALINA_HOME/tomcat/tomcat2
23-Mar-2025 04:12:40.229 INFO [main] org.apache.catalina.startup.VersionLoggerListener.log Command line argument: -Djava.io.tmpdir=/Users/rae-anandres/CATALINA_HOME/tomcat/tomcat2/temp
23-Mar-2025 04:12:40.234 INFO [main] org.apache.catalina.core.AprLifecycleListener.lifecycleEvent The Apache Tomcat Native library which allows using OpenSSL was not found on the java.library.path: [/Users/rae-anandres/Library/Java/Extensions:/Library/Java/Extensions:/Network/Library/Java/Extensions:/System/Library/Java/Extensions:/usr/lib/java:.]
23-Mar-2025 04:12:40.378 INFO [main] org.apache.coyote.AbstractProtocol.init Initializing ProtocolHandler ["http-nio-8081"]
23-Mar-2025 04:12:40.393 INFO [main] org.apache.coyote.AbstractProtocol.init Initializing ProtocolHandler ["ajp-nio-0:0:0:0:0:0:0:1-8010"]
23-Mar-2025 04:12:40.393 INFO [main] org.apache.catalina.startup.Catalina.load Server initialization in [257] milliseconds
23-Mar-2025 04:12:40.410 INFO [main] org.apache.catalina.core.StandardService.startInternal Starting service [Catalina]
23-Mar-2025 04:12:40.410 INFO [main] org.apache.catalina.core.StandardEngine.startInternal Starting Servlet engine: [Apache Tomcat/11.0.5]
23-Mar-2025 04:12:40.413 INFO [main] org.apache.catalina.startup.HostConfig.deployDirectory Deploying web application directory [/Users/rae-anandres/CATALINA_HOME/tomcat/tomcat2/webapps/docs]
23-Mar-2025 04:12:40.542 INFO [main] org.apache.catalina.startup.HostConfig.deployDirectory Deployment of web application directory [/Users/rae-anandres/CATALINA_HOME/tomcat/tomcat2/webapps/docs] has finished in [129] ms
23-Mar-2025 04:12:40.542 INFO [main] org.apache.catalina.startup.HostConfig.deployDirectory Deploying web application directory [/Users/rae-anandres/CATALINA_HOME/tomcat/tomcat2/webapps/manager]
23-Mar-2025 04:12:40.558 INFO [main] org.apache.catalina.startup.HostConfig.deployDirectory Deployment of web application directory [/Users/rae-anandres/CATALINA_HOME/tomcat/tomcat2/webapps/manager] has finished in [16] ms
23-Mar-2025 04:12:40.558 INFO [main] org.apache.catalina.startup.HostConfig.deployDirectory Deploying web application directory [/Users/rae-anandres/CATALINA_HOME/tomcat/tomcat2/webapps/examples]
23-Mar-2025 04:12:40.665 INFO [main] org.apache.catalina.startup.HostConfig.deployDirectory Deployment of web application directory [/Users/rae-anandres/CATALINA_HOME/tomcat/tomcat2/webapps/examples] has finished in [107] ms
23-Mar-2025 04:12:40.665 INFO [main] org.apache.catalina.startup.HostConfig.deployDirectory Deploying web application directory [/Users/rae-anandres/CATALINA_HOME/tomcat/tomcat2/webapps/sample]
23-Mar-2025 04:12:40.677 INFO [main] org.apache.catalina.startup.HostConfig.deployDirectory Deployment of web application directory [/Users/rae-anandres/CATALINA_HOME/tomcat/tomcat2/webapps/sample] has finished in [12] ms
23-Mar-2025 04:12:40.677 INFO [main] org.apache.catalina.startup.HostConfig.deployDirectory Deploying web application directory [/Users/rae-anandres/CATALINA_HOME/tomcat/tomcat2/webapps/ROOT]
23-Mar-2025 04:12:40.684 INFO [main] org.apache.catalina.startup.HostConfig.deployDirectory Deployment of web application directory [/Users/rae-anandres/CATALINA_HOME/tomcat/tomcat2/webapps/ROOT] has finished in [7] ms
23-Mar-2025 04:12:40.684 INFO [main] org.apache.catalina.startup.HostConfig.deployDirectory Deploying web application directory [/Users/rae-anandres/CATALINA_HOME/tomcat/tomcat2/webapps/host-manager]
23-Mar-2025 04:12:40.693 INFO [main] org.apache.catalina.startup.HostConfig.deployDirectory Deployment of web application directory [/Users/rae-anandres/CATALINA_HOME/tomcat/tomcat2/webapps/host-manager] has finished in [9] ms
23-Mar-2025 04:12:40.695 INFO [main] org.apache.coyote.AbstractProtocol.start Starting ProtocolHandler ["http-nio-8081"]
23-Mar-2025 04:12:40.701 SEVERE [main] org.apache.catalina.util.LifecycleBase.handleSubClassException Failed to start component [Connector["ajp-nio-0:0:0:0:0:0:0:1-8010"]]
	org.apache.catalina.LifecycleException: Protocol handler start failed
		at org.apache.catalina.connector.Connector.startInternal(Connector.java:1087)
		at org.apache.catalina.util.LifecycleBase.start(LifecycleBase.java:164)
		at org.apache.catalina.core.StandardService.startInternal(StandardService.java:428)
		at org.apache.catalina.util.LifecycleBase.start(LifecycleBase.java:164)
		at org.apache.catalina.core.StandardServer.startInternal(StandardServer.java:866)
		at org.apache.catalina.util.LifecycleBase.start(LifecycleBase.java:164)
		at org.apache.catalina.startup.Catalina.start(Catalina.java:759)
		at java.base/jdk.internal.reflect.DirectMethodHandleAccessor.invoke(DirectMethodHandleAccessor.java:103)
		at java.base/java.lang.reflect.Method.invoke(Method.java:580)
		at org.apache.catalina.startup.Bootstrap.start(Bootstrap.java:342)
		at org.apache.catalina.startup.Bootstrap.main(Bootstrap.java:470)
	Caused by: java.lang.IllegalArgumentException: The AJP Connector is configured with secretRequired="true" but the secret attribute is either null or "". This combination is not valid.
		at org.apache.coyote.ajp.AbstractAjpProtocol.start(AbstractAjpProtocol.java:255)
		at org.apache.catalina.connector.Connector.startInternal(Connector.java:1084)
		... 10 more
23-Mar-2025 04:12:40.702 INFO [main] org.apache.catalina.startup.Catalina.start Server startup in [307] milliseconds
23-Mar-2025 04:14:20.889 INFO [main] org.apache.catalina.core.StandardServer.await A valid shutdown command was received via the shutdown port. Stopping the Server instance.
23-Mar-2025 04:14:20.890 INFO [main] org.apache.coyote.AbstractProtocol.pause Pausing ProtocolHandler ["http-nio-8081"]
23-Mar-2025 04:14:20.892 INFO [main] org.apache.coyote.AbstractProtocol.pause Pausing ProtocolHandler ["ajp-nio-0:0:0:0:0:0:0:1-8010"]
23-Mar-2025 04:14:20.892 INFO [main] org.apache.catalina.core.StandardService.stopInternal Stopping service [Catalina]
23-Mar-2025 04:14:20.902 INFO [main] org.apache.coyote.AbstractProtocol.stop Stopping ProtocolHandler ["http-nio-8081"]
23-Mar-2025 04:14:20.905 INFO [main] org.apache.coyote.AbstractProtocol.destroy Destroying ProtocolHandler ["http-nio-8081"]
23-Mar-2025 04:14:20.905 INFO [main] org.apache.coyote.AbstractProtocol.stop Stopping ProtocolHandler ["ajp-nio-0:0:0:0:0:0:0:1-8010"]
23-Mar-2025 04:14:20.905 INFO [main] org.apache.coyote.AbstractProtocol.destroy Destroying ProtocolHandler ["ajp-nio-0:0:0:0:0:0:0:1-8010"]
23-Mar-2025 04:14:33.983 INFO [main] org.apache.catalina.startup.VersionLoggerListener.log Server version name:   Apache Tomcat/11.0.5
23-Mar-2025 04:14:33.985 INFO [main] org.apache.catalina.startup.VersionLoggerListener.log Server built:          Feb 28 2025 15:54:41 UTC
23-Mar-2025 04:14:33.985 INFO [main] org.apache.catalina.startup.VersionLoggerListener.log Server version number: 11.0.5.0
23-Mar-2025 04:14:33.985 INFO [main] org.apache.catalina.startup.VersionLoggerListener.log OS Name:               Mac OS X
23-Mar-2025 04:14:33.985 INFO [main] org.apache.catalina.startup.VersionLoggerListener.log OS Version:            15.3.1
23-Mar-2025 04:14:33.985 INFO [main] org.apache.catalina.startup.VersionLoggerListener.log Architecture:          aarch64
23-Mar-2025 04:14:33.985 INFO [main] org.apache.catalina.startup.VersionLoggerListener.log Java Home:             /Library/Java/JavaVirtualMachines/jdk-21.jdk/Contents/Home
23-Mar-2025 04:14:33.985 INFO [main] org.apache.catalina.startup.VersionLoggerListener.log JVM Version:           21.0.2+13-LTS-58
23-Mar-2025 04:14:33.985 INFO [main] org.apache.catalina.startup.VersionLoggerListener.log JVM Vendor:            Oracle Corporation
23-Mar-2025 04:14:33.985 INFO [main] org.apache.catalina.startup.VersionLoggerListener.log CATALINA_BASE:         /Users/rae-anandres/CATALINA_HOME/tomcat/tomcat2
23-Mar-2025 04:14:33.985 INFO [main] org.apache.catalina.startup.VersionLoggerListener.log CATALINA_HOME:         /Users/rae-anandres/CATALINA_HOME/tomcat/tomcat2
23-Mar-2025 04:14:33.990 INFO [main] org.apache.catalina.startup.VersionLoggerListener.log Command line argument: -Djava.util.logging.config.file=/Users/rae-anandres/CATALINA_HOME/tomcat/tomcat2/conf/logging.properties
23-Mar-2025 04:14:33.990 INFO [main] org.apache.catalina.startup.VersionLoggerListener.log Command line argument: -Djava.util.logging.manager=org.apache.juli.ClassLoaderLogManager
23-Mar-2025 04:14:33.990 INFO [main] org.apache.catalina.startup.VersionLoggerListener.log Command line argument: -Djdk.tls.ephemeralDHKeySize=2048
23-Mar-2025 04:14:33.990 INFO [main] org.apache.catalina.startup.VersionLoggerListener.log Command line argument: -Dorg.apache.catalina.security.SecurityListener.UMASK=0027
23-Mar-2025 04:14:33.990 INFO [main] org.apache.catalina.startup.VersionLoggerListener.log Command line argument: --add-opens=java.base/java.lang=ALL-UNNAMED
23-Mar-2025 04:14:33.990 INFO [main] org.apache.catalina.startup.VersionLoggerListener.log Command line argument: --add-opens=java.base/java.lang.reflect=ALL-UNNAMED
23-Mar-2025 04:14:33.990 INFO [main] org.apache.catalina.startup.VersionLoggerListener.log Command line argument: --add-opens=java.base/java.io=ALL-UNNAMED
23-Mar-2025 04:14:33.990 INFO [main] org.apache.catalina.startup.VersionLoggerListener.log Command line argument: --add-opens=java.base/java.util=ALL-UNNAMED
23-Mar-2025 04:14:33.990 INFO [main] org.apache.catalina.startup.VersionLoggerListener.log Command line argument: --add-opens=java.base/java.util.concurrent=ALL-UNNAMED
23-Mar-2025 04:14:33.990 INFO [main] org.apache.catalina.startup.VersionLoggerListener.log Command line argument: --add-opens=java.rmi/sun.rmi.transport=ALL-UNNAMED
23-Mar-2025 04:14:33.990 INFO [main] org.apache.catalina.startup.VersionLoggerListener.log Command line argument: --enable-native-access=ALL-UNNAMED
23-Mar-2025 04:14:33.990 INFO [main] org.apache.catalina.startup.VersionLoggerListener.log Command line argument: -Dcatalina.base=/Users/rae-anandres/CATALINA_HOME/tomcat/tomcat2
23-Mar-2025 04:14:33.990 INFO [main] org.apache.catalina.startup.VersionLoggerListener.log Command line argument: -Dcatalina.home=/Users/rae-anandres/CATALINA_HOME/tomcat/tomcat2
23-Mar-2025 04:14:33.991 INFO [main] org.apache.catalina.startup.VersionLoggerListener.log Command line argument: -Djava.io.tmpdir=/Users/rae-anandres/CATALINA_HOME/tomcat/tomcat2/temp
23-Mar-2025 04:14:33.996 INFO [main] org.apache.catalina.core.AprLifecycleListener.lifecycleEvent The Apache Tomcat Native library which allows using OpenSSL was not found on the java.library.path: [/Users/rae-anandres/Library/Java/Extensions:/Library/Java/Extensions:/Network/Library/Java/Extensions:/System/Library/Java/Extensions:/usr/lib/java:.]
23-Mar-2025 04:14:34.137 INFO [main] org.apache.coyote.AbstractProtocol.init Initializing ProtocolHandler ["http-nio-8081"]
23-Mar-2025 04:14:34.151 INFO [main] org.apache.coyote.AbstractProtocol.init Initializing ProtocolHandler ["ajp-nio-0:0:0:0:0:0:0:1-8010"]
23-Mar-2025 04:14:34.152 INFO [main] org.apache.catalina.startup.Catalina.load Server initialization in [255] milliseconds
23-Mar-2025 04:14:34.168 INFO [main] org.apache.catalina.core.StandardService.startInternal Starting service [Catalina]
23-Mar-2025 04:14:34.168 INFO [main] org.apache.catalina.core.StandardEngine.startInternal Starting Servlet engine: [Apache Tomcat/11.0.5]
23-Mar-2025 04:14:34.171 INFO [main] org.apache.catalina.startup.HostConfig.deployDirectory Deploying web application directory [/Users/rae-anandres/CATALINA_HOME/tomcat/tomcat2/webapps/docs]
23-Mar-2025 04:14:34.297 INFO [main] org.apache.catalina.startup.HostConfig.deployDirectory Deployment of web application directory [/Users/rae-anandres/CATALINA_HOME/tomcat/tomcat2/webapps/docs] has finished in [126] ms
23-Mar-2025 04:14:34.298 INFO [main] org.apache.catalina.startup.HostConfig.deployDirectory Deploying web application directory [/Users/rae-anandres/CATALINA_HOME/tomcat/tomcat2/webapps/manager]
23-Mar-2025 04:14:34.314 INFO [main] org.apache.catalina.startup.HostConfig.deployDirectory Deployment of web application directory [/Users/rae-anandres/CATALINA_HOME/tomcat/tomcat2/webapps/manager] has finished in [16] ms
23-Mar-2025 04:14:34.315 INFO [main] org.apache.catalina.startup.HostConfig.deployDirectory Deploying web application directory [/Users/rae-anandres/CATALINA_HOME/tomcat/tomcat2/webapps/examples]
23-Mar-2025 04:14:34.423 INFO [main] org.apache.catalina.startup.HostConfig.deployDirectory Deployment of web application directory [/Users/rae-anandres/CATALINA_HOME/tomcat/tomcat2/webapps/examples] has finished in [108] ms
23-Mar-2025 04:14:34.424 INFO [main] org.apache.catalina.startup.HostConfig.deployDirectory Deploying web application directory [/Users/rae-anandres/CATALINA_HOME/tomcat/tomcat2/webapps/sample]
23-Mar-2025 04:14:34.436 INFO [main] org.apache.catalina.startup.HostConfig.deployDirectory Deployment of web application directory [/Users/rae-anandres/CATALINA_HOME/tomcat/tomcat2/webapps/sample] has finished in [13] ms
23-Mar-2025 04:14:34.436 INFO [main] org.apache.catalina.startup.HostConfig.deployDirectory Deploying web application directory [/Users/rae-anandres/CATALINA_HOME/tomcat/tomcat2/webapps/ROOT]
23-Mar-2025 04:14:34.443 INFO [main] org.apache.catalina.startup.HostConfig.deployDirectory Deployment of web application directory [/Users/rae-anandres/CATALINA_HOME/tomcat/tomcat2/webapps/ROOT] has finished in [7] ms
23-Mar-2025 04:14:34.444 INFO [main] org.apache.catalina.startup.HostConfig.deployDirectory Deploying web application directory [/Users/rae-anandres/CATALINA_HOME/tomcat/tomcat2/webapps/host-manager]
23-Mar-2025 04:14:34.453 INFO [main] org.apache.catalina.startup.HostConfig.deployDirectory Deployment of web application directory [/Users/rae-anandres/CATALINA_HOME/tomcat/tomcat2/webapps/host-manager] has finished in [8] ms
23-Mar-2025 04:14:34.454 INFO [main] org.apache.coyote.AbstractProtocol.start Starting ProtocolHandler ["http-nio-8081"]
23-Mar-2025 04:14:34.460 SEVERE [main] org.apache.catalina.util.LifecycleBase.handleSubClassException Failed to start component [Connector["ajp-nio-0:0:0:0:0:0:0:1-8010"]]
	org.apache.catalina.LifecycleException: Protocol handler start failed
		at org.apache.catalina.connector.Connector.startInternal(Connector.java:1087)
		at org.apache.catalina.util.LifecycleBase.start(LifecycleBase.java:164)
		at org.apache.catalina.core.StandardService.startInternal(StandardService.java:428)
		at org.apache.catalina.util.LifecycleBase.start(LifecycleBase.java:164)
		at org.apache.catalina.core.StandardServer.startInternal(StandardServer.java:866)
		at org.apache.catalina.util.LifecycleBase.start(LifecycleBase.java:164)
		at org.apache.catalina.startup.Catalina.start(Catalina.java:759)
		at java.base/jdk.internal.reflect.DirectMethodHandleAccessor.invoke(DirectMethodHandleAccessor.java:103)
		at java.base/java.lang.reflect.Method.invoke(Method.java:580)
		at org.apache.catalina.startup.Bootstrap.start(Bootstrap.java:342)
		at org.apache.catalina.startup.Bootstrap.main(Bootstrap.java:470)
	Caused by: java.lang.IllegalArgumentException: The AJP Connector is configured with secretRequired="true" but the secret attribute is either null or "". This combination is not valid.
		at org.apache.coyote.ajp.AbstractAjpProtocol.start(AbstractAjpProtocol.java:255)
		at org.apache.catalina.connector.Connector.startInternal(Connector.java:1084)
		... 10 more
23-Mar-2025 04:14:34.461 INFO [main] org.apache.catalina.startup.Catalina.start Server startup in [308] milliseconds
23-Mar-2025 04:15:43.633 INFO [main] org.apache.catalina.core.StandardServer.await A valid shutdown command was received via the shutdown port. Stopping the Server instance.
23-Mar-2025 04:15:43.634 INFO [main] org.apache.coyote.AbstractProtocol.pause Pausing ProtocolHandler ["http-nio-8081"]
23-Mar-2025 04:15:43.636 INFO [main] org.apache.coyote.AbstractProtocol.pause Pausing ProtocolHandler ["ajp-nio-0:0:0:0:0:0:0:1-8010"]
23-Mar-2025 04:15:43.636 INFO [main] org.apache.catalina.core.StandardService.stopInternal Stopping service [Catalina]
23-Mar-2025 04:15:43.647 INFO [main] org.apache.coyote.AbstractProtocol.stop Stopping ProtocolHandler ["http-nio-8081"]
23-Mar-2025 04:15:43.649 INFO [main] org.apache.coyote.AbstractProtocol.destroy Destroying ProtocolHandler ["http-nio-8081"]
23-Mar-2025 04:15:43.649 INFO [main] org.apache.coyote.AbstractProtocol.stop Stopping ProtocolHandler ["ajp-nio-0:0:0:0:0:0:0:1-8010"]
23-Mar-2025 04:15:43.649 INFO [main] org.apache.coyote.AbstractProtocol.destroy Destroying ProtocolHandler ["ajp-nio-0:0:0:0:0:0:0:1-8010"]
23-Mar-2025 04:18:11.523 INFO [main] org.apache.catalina.startup.VersionLoggerListener.log Server version name:   Apache Tomcat/11.0.5
23-Mar-2025 04:18:11.524 INFO [main] org.apache.catalina.startup.VersionLoggerListener.log Server built:          Feb 28 2025 15:54:41 UTC
23-Mar-2025 04:18:11.524 INFO [main] org.apache.catalina.startup.VersionLoggerListener.log Server version number: 11.0.5.0
23-Mar-2025 04:18:11.525 INFO [main] org.apache.catalina.startup.VersionLoggerListener.log OS Name:               Mac OS X
23-Mar-2025 04:18:11.525 INFO [main] org.apache.catalina.startup.VersionLoggerListener.log OS Version:            15.3.1
23-Mar-2025 04:18:11.525 INFO [main] org.apache.catalina.startup.VersionLoggerListener.log Architecture:          aarch64
23-Mar-2025 04:18:11.525 INFO [main] org.apache.catalina.startup.VersionLoggerListener.log Java Home:             /Library/Java/JavaVirtualMachines/jdk-21.jdk/Contents/Home
23-Mar-2025 04:18:11.525 INFO [main] org.apache.catalina.startup.VersionLoggerListener.log JVM Version:           21.0.2+13-LTS-58
23-Mar-2025 04:18:11.525 INFO [main] org.apache.catalina.startup.VersionLoggerListener.log JVM Vendor:            Oracle Corporation
23-Mar-2025 04:18:11.525 INFO [main] org.apache.catalina.startup.VersionLoggerListener.log CATALINA_BASE:         /Users/rae-anandres/CATALINA_HOME/tomcat/tomcat2
23-Mar-2025 04:18:11.525 INFO [main] org.apache.catalina.startup.VersionLoggerListener.log CATALINA_HOME:         /Users/rae-anandres/CATALINA_HOME/tomcat/tomcat2
23-Mar-2025 04:18:11.530 INFO [main] org.apache.catalina.startup.VersionLoggerListener.log Command line argument: -Djava.util.logging.config.file=/Users/rae-anandres/CATALINA_HOME/tomcat/tomcat2/conf/logging.properties
23-Mar-2025 04:18:11.530 INFO [main] org.apache.catalina.startup.VersionLoggerListener.log Command line argument: -Djava.util.logging.manager=org.apache.juli.ClassLoaderLogManager
23-Mar-2025 04:18:11.530 INFO [main] org.apache.catalina.startup.VersionLoggerListener.log Command line argument: -Djdk.tls.ephemeralDHKeySize=2048
23-Mar-2025 04:18:11.530 INFO [main] org.apache.catalina.startup.VersionLoggerListener.log Command line argument: -Dorg.apache.catalina.security.SecurityListener.UMASK=0027
23-Mar-2025 04:18:11.530 INFO [main] org.apache.catalina.startup.VersionLoggerListener.log Command line argument: --add-opens=java.base/java.lang=ALL-UNNAMED
23-Mar-2025 04:18:11.530 INFO [main] org.apache.catalina.startup.VersionLoggerListener.log Command line argument: --add-opens=java.base/java.lang.reflect=ALL-UNNAMED
23-Mar-2025 04:18:11.530 INFO [main] org.apache.catalina.startup.VersionLoggerListener.log Command line argument: --add-opens=java.base/java.io=ALL-UNNAMED
23-Mar-2025 04:18:11.530 INFO [main] org.apache.catalina.startup.VersionLoggerListener.log Command line argument: --add-opens=java.base/java.util=ALL-UNNAMED
23-Mar-2025 04:18:11.530 INFO [main] org.apache.catalina.startup.VersionLoggerListener.log Command line argument: --add-opens=java.base/java.util.concurrent=ALL-UNNAMED
23-Mar-2025 04:18:11.530 INFO [main] org.apache.catalina.startup.VersionLoggerListener.log Command line argument: --add-opens=java.rmi/sun.rmi.transport=ALL-UNNAMED
23-Mar-2025 04:18:11.530 INFO [main] org.apache.catalina.startup.VersionLoggerListener.log Command line argument: --enable-native-access=ALL-UNNAMED
23-Mar-2025 04:18:11.530 INFO [main] org.apache.catalina.startup.VersionLoggerListener.log Command line argument: -Dcatalina.base=/Users/rae-anandres/CATALINA_HOME/tomcat/tomcat2
23-Mar-2025 04:18:11.530 INFO [main] org.apache.catalina.startup.VersionLoggerListener.log Command line argument: -Dcatalina.home=/Users/rae-anandres/CATALINA_HOME/tomcat/tomcat2
23-Mar-2025 04:18:11.530 INFO [main] org.apache.catalina.startup.VersionLoggerListener.log Command line argument: -Djava.io.tmpdir=/Users/rae-anandres/CATALINA_HOME/tomcat/tomcat2/temp
23-Mar-2025 04:18:11.535 INFO [main] org.apache.catalina.core.AprLifecycleListener.lifecycleEvent The Apache Tomcat Native library which allows using OpenSSL was not found on the java.library.path: [/Users/rae-anandres/Library/Java/Extensions:/Library/Java/Extensions:/Network/Library/Java/Extensions:/System/Library/Java/Extensions:/usr/lib/java:.]
23-Mar-2025 04:18:11.678 INFO [main] org.apache.coyote.AbstractProtocol.init Initializing ProtocolHandler ["http-nio-8081"]
23-Mar-2025 04:18:11.692 INFO [main] org.apache.coyote.AbstractProtocol.init Initializing ProtocolHandler ["ajp-nio-0:0:0:0:0:0:0:1-8010"]
23-Mar-2025 04:18:11.692 INFO [main] org.apache.catalina.startup.Catalina.load Server initialization in [254] milliseconds
23-Mar-2025 04:18:11.710 INFO [main] org.apache.catalina.core.StandardService.startInternal Starting service [Catalina]
23-Mar-2025 04:18:11.710 INFO [main] org.apache.catalina.core.StandardEngine.startInternal Starting Servlet engine: [Apache Tomcat/11.0.5]
23-Mar-2025 04:18:11.713 INFO [main] org.apache.catalina.startup.HostConfig.deployDirectory Deploying web application directory [/Users/rae-anandres/CATALINA_HOME/tomcat/tomcat2/webapps/docs]
23-Mar-2025 04:18:11.839 INFO [main] org.apache.catalina.startup.HostConfig.deployDirectory Deployment of web application directory [/Users/rae-anandres/CATALINA_HOME/tomcat/tomcat2/webapps/docs] has finished in [126] ms
23-Mar-2025 04:18:11.840 INFO [main] org.apache.catalina.startup.HostConfig.deployDirectory Deploying web application directory [/Users/rae-anandres/CATALINA_HOME/tomcat/tomcat2/webapps/manager]
23-Mar-2025 04:18:11.856 INFO [main] org.apache.catalina.startup.HostConfig.deployDirectory Deployment of web application directory [/Users/rae-anandres/CATALINA_HOME/tomcat/tomcat2/webapps/manager] has finished in [16] ms
23-Mar-2025 04:18:11.856 INFO [main] org.apache.catalina.startup.HostConfig.deployDirectory Deploying web application directory [/Users/rae-anandres/CATALINA_HOME/tomcat/tomcat2/webapps/examples]
23-Mar-2025 04:18:11.961 INFO [main] org.apache.catalina.startup.HostConfig.deployDirectory Deployment of web application directory [/Users/rae-anandres/CATALINA_HOME/tomcat/tomcat2/webapps/examples] has finished in [105] ms
23-Mar-2025 04:18:11.961 INFO [main] org.apache.catalina.startup.HostConfig.deployDirectory Deploying web application directory [/Users/rae-anandres/CATALINA_HOME/tomcat/tomcat2/webapps/sample]
23-Mar-2025 04:18:11.973 INFO [main] org.apache.catalina.startup.HostConfig.deployDirectory Deployment of web application directory [/Users/rae-anandres/CATALINA_HOME/tomcat/tomcat2/webapps/sample] has finished in [12] ms
23-Mar-2025 04:18:11.973 INFO [main] org.apache.catalina.startup.HostConfig.deployDirectory Deploying web application directory [/Users/rae-anandres/CATALINA_HOME/tomcat/tomcat2/webapps/ROOT]
23-Mar-2025 04:18:11.980 INFO [main] org.apache.catalina.startup.HostConfig.deployDirectory Deployment of web application directory [/Users/rae-anandres/CATALINA_HOME/tomcat/tomcat2/webapps/ROOT] has finished in [7] ms
23-Mar-2025 04:18:11.980 INFO [main] org.apache.catalina.startup.HostConfig.deployDirectory Deploying web application directory [/Users/rae-anandres/CATALINA_HOME/tomcat/tomcat2/webapps/host-manager]
23-Mar-2025 04:18:11.989 INFO [main] org.apache.catalina.startup.HostConfig.deployDirectory Deployment of web application directory [/Users/rae-anandres/CATALINA_HOME/tomcat/tomcat2/webapps/host-manager] has finished in [9] ms
23-Mar-2025 04:18:11.991 INFO [main] org.apache.coyote.AbstractProtocol.start Starting ProtocolHandler ["http-nio-8081"]
23-Mar-2025 04:18:11.998 SEVERE [main] org.apache.catalina.util.LifecycleBase.handleSubClassException Failed to start component [Connector["ajp-nio-0:0:0:0:0:0:0:1-8010"]]
	org.apache.catalina.LifecycleException: Protocol handler start failed
		at org.apache.catalina.connector.Connector.startInternal(Connector.java:1087)
		at org.apache.catalina.util.LifecycleBase.start(LifecycleBase.java:164)
		at org.apache.catalina.core.StandardService.startInternal(StandardService.java:428)
		at org.apache.catalina.util.LifecycleBase.start(LifecycleBase.java:164)
		at org.apache.catalina.core.StandardServer.startInternal(StandardServer.java:866)
		at org.apache.catalina.util.LifecycleBase.start(LifecycleBase.java:164)
		at org.apache.catalina.startup.Catalina.start(Catalina.java:759)
		at java.base/jdk.internal.reflect.DirectMethodHandleAccessor.invoke(DirectMethodHandleAccessor.java:103)
		at java.base/java.lang.reflect.Method.invoke(Method.java:580)
		at org.apache.catalina.startup.Bootstrap.start(Bootstrap.java:342)
		at org.apache.catalina.startup.Bootstrap.main(Bootstrap.java:470)
	Caused by: java.lang.IllegalArgumentException: The AJP Connector is configured with secretRequired="true" but the secret attribute is either null or "". This combination is not valid.
		at org.apache.coyote.ajp.AbstractAjpProtocol.start(AbstractAjpProtocol.java:255)
		at org.apache.catalina.connector.Connector.startInternal(Connector.java:1084)
		... 10 more
23-Mar-2025 04:18:11.999 INFO [main] org.apache.catalina.startup.Catalina.start Server startup in [306] milliseconds
23-Mar-2025 04:20:22.085 INFO [Catalina-utility-1] org.apache.catalina.users.MemoryUserDatabase.backgroundProcess Reloading memory user database [UserDatabase] from updated source [file:/Users/rae-anandres/CATALINA_HOME/tomcat/tomcat2/conf/tomcat-users.xml]
23-Mar-2025 04:20:25.274 INFO [main] org.apache.catalina.core.StandardServer.await A valid shutdown command was received via the shutdown port. Stopping the Server instance.
23-Mar-2025 04:20:25.274 INFO [main] org.apache.coyote.AbstractProtocol.pause Pausing ProtocolHandler ["http-nio-8081"]
23-Mar-2025 04:20:25.277 INFO [main] org.apache.coyote.AbstractProtocol.pause Pausing ProtocolHandler ["ajp-nio-0:0:0:0:0:0:0:1-8010"]
23-Mar-2025 04:20:25.277 INFO [main] org.apache.catalina.core.StandardService.stopInternal Stopping service [Catalina]
23-Mar-2025 04:20:25.287 INFO [main] org.apache.coyote.AbstractProtocol.stop Stopping ProtocolHandler ["http-nio-8081"]
23-Mar-2025 04:20:25.290 INFO [main] org.apache.coyote.AbstractProtocol.destroy Destroying ProtocolHandler ["http-nio-8081"]
23-Mar-2025 04:20:25.290 INFO [main] org.apache.coyote.AbstractProtocol.stop Stopping ProtocolHandler ["ajp-nio-0:0:0:0:0:0:0:1-8010"]
23-Mar-2025 04:20:25.290 INFO [main] org.apache.coyote.AbstractProtocol.destroy Destroying ProtocolHandler ["ajp-nio-0:0:0:0:0:0:0:1-8010"]
23-Mar-2025 04:20:43.258 INFO [main] org.apache.catalina.startup.VersionLoggerListener.log Server version name:   Apache Tomcat/11.0.5
23-Mar-2025 04:20:43.260 INFO [main] org.apache.catalina.startup.VersionLoggerListener.log Server built:          Feb 28 2025 15:54:41 UTC
23-Mar-2025 04:20:43.260 INFO [main] org.apache.catalina.startup.VersionLoggerListener.log Server version number: 11.0.5.0
23-Mar-2025 04:20:43.260 INFO [main] org.apache.catalina.startup.VersionLoggerListener.log OS Name:               Mac OS X
23-Mar-2025 04:20:43.260 INFO [main] org.apache.catalina.startup.VersionLoggerListener.log OS Version:            15.3.1
23-Mar-2025 04:20:43.260 INFO [main] org.apache.catalina.startup.VersionLoggerListener.log Architecture:          aarch64
23-Mar-2025 04:20:43.260 INFO [main] org.apache.catalina.startup.VersionLoggerListener.log Java Home:             /Library/Java/JavaVirtualMachines/jdk-21.jdk/Contents/Home
23-Mar-2025 04:20:43.260 INFO [main] org.apache.catalina.startup.VersionLoggerListener.log JVM Version:           21.0.2+13-LTS-58
23-Mar-2025 04:20:43.260 INFO [main] org.apache.catalina.startup.VersionLoggerListener.log JVM Vendor:            Oracle Corporation
23-Mar-2025 04:20:43.260 INFO [main] org.apache.catalina.startup.VersionLoggerListener.log CATALINA_BASE:         /Users/rae-anandres/CATALINA_HOME/tomcat/tomcat2
23-Mar-2025 04:20:43.260 INFO [main] org.apache.catalina.startup.VersionLoggerListener.log CATALINA_HOME:         /Users/rae-anandres/CATALINA_HOME/tomcat/tomcat2
23-Mar-2025 04:20:43.265 INFO [main] org.apache.catalina.startup.VersionLoggerListener.log Command line argument: -Djava.util.logging.config.file=/Users/rae-anandres/CATALINA_HOME/tomcat/tomcat2/conf/logging.properties
23-Mar-2025 04:20:43.265 INFO [main] org.apache.catalina.startup.VersionLoggerListener.log Command line argument: -Djava.util.logging.manager=org.apache.juli.ClassLoaderLogManager
23-Mar-2025 04:20:43.265 INFO [main] org.apache.catalina.startup.VersionLoggerListener.log Command line argument: -Djdk.tls.ephemeralDHKeySize=2048
23-Mar-2025 04:20:43.265 INFO [main] org.apache.catalina.startup.VersionLoggerListener.log Command line argument: -Dorg.apache.catalina.security.SecurityListener.UMASK=0027
23-Mar-2025 04:20:43.265 INFO [main] org.apache.catalina.startup.VersionLoggerListener.log Command line argument: --add-opens=java.base/java.lang=ALL-UNNAMED
23-Mar-2025 04:20:43.266 INFO [main] org.apache.catalina.startup.VersionLoggerListener.log Command line argument: --add-opens=java.base/java.lang.reflect=ALL-UNNAMED
23-Mar-2025 04:20:43.266 INFO [main] org.apache.catalina.startup.VersionLoggerListener.log Command line argument: --add-opens=java.base/java.io=ALL-UNNAMED
23-Mar-2025 04:20:43.266 INFO [main] org.apache.catalina.startup.VersionLoggerListener.log Command line argument: --add-opens=java.base/java.util=ALL-UNNAMED
23-Mar-2025 04:20:43.266 INFO [main] org.apache.catalina.startup.VersionLoggerListener.log Command line argument: --add-opens=java.base/java.util.concurrent=ALL-UNNAMED
23-Mar-2025 04:20:43.266 INFO [main] org.apache.catalina.startup.VersionLoggerListener.log Command line argument: --add-opens=java.rmi/sun.rmi.transport=ALL-UNNAMED
23-Mar-2025 04:20:43.266 INFO [main] org.apache.catalina.startup.VersionLoggerListener.log Command line argument: --enable-native-access=ALL-UNNAMED
23-Mar-2025 04:20:43.266 INFO [main] org.apache.catalina.startup.VersionLoggerListener.log Command line argument: -Dcatalina.base=/Users/rae-anandres/CATALINA_HOME/tomcat/tomcat2
23-Mar-2025 04:20:43.266 INFO [main] org.apache.catalina.startup.VersionLoggerListener.log Command line argument: -Dcatalina.home=/Users/rae-anandres/CATALINA_HOME/tomcat/tomcat2
23-Mar-2025 04:20:43.266 INFO [main] org.apache.catalina.startup.VersionLoggerListener.log Command line argument: -Djava.io.tmpdir=/Users/rae-anandres/CATALINA_HOME/tomcat/tomcat2/temp
23-Mar-2025 04:20:43.272 INFO [main] org.apache.catalina.core.AprLifecycleListener.lifecycleEvent The Apache Tomcat Native library which allows using OpenSSL was not found on the java.library.path: [/Users/rae-anandres/Library/Java/Extensions:/Library/Java/Extensions:/Network/Library/Java/Extensions:/System/Library/Java/Extensions:/usr/lib/java:.]
23-Mar-2025 04:20:43.428 INFO [main] org.apache.coyote.AbstractProtocol.init Initializing ProtocolHandler ["http-nio-8081"]
23-Mar-2025 04:20:43.442 INFO [main] org.apache.coyote.AbstractProtocol.init Initializing ProtocolHandler ["ajp-nio-0:0:0:0:0:0:0:1-8010"]
23-Mar-2025 04:20:43.443 INFO [main] org.apache.catalina.startup.Catalina.load Server initialization in [266] milliseconds
23-Mar-2025 04:20:43.464 INFO [main] org.apache.catalina.core.StandardService.startInternal Starting service [Catalina]
23-Mar-2025 04:20:43.464 INFO [main] org.apache.catalina.core.StandardEngine.startInternal Starting Servlet engine: [Apache Tomcat/11.0.5]
23-Mar-2025 04:20:43.467 INFO [main] org.apache.catalina.startup.HostConfig.deployDirectory Deploying web application directory [/Users/rae-anandres/CATALINA_HOME/tomcat/tomcat2/webapps/docs]
23-Mar-2025 04:20:43.636 INFO [main] org.apache.catalina.startup.HostConfig.deployDirectory Deployment of web application directory [/Users/rae-anandres/CATALINA_HOME/tomcat/tomcat2/webapps/docs] has finished in [169] ms
23-Mar-2025 04:20:43.637 INFO [main] org.apache.catalina.startup.HostConfig.deployDirectory Deploying web application directory [/Users/rae-anandres/CATALINA_HOME/tomcat/tomcat2/webapps/manager]
23-Mar-2025 04:20:43.656 INFO [main] org.apache.catalina.startup.HostConfig.deployDirectory Deployment of web application directory [/Users/rae-anandres/CATALINA_HOME/tomcat/tomcat2/webapps/manager] has finished in [19] ms
23-Mar-2025 04:20:43.656 INFO [main] org.apache.catalina.startup.HostConfig.deployDirectory Deploying web application directory [/Users/rae-anandres/CATALINA_HOME/tomcat/tomcat2/webapps/examples]
23-Mar-2025 04:20:43.775 INFO [main] org.apache.catalina.startup.HostConfig.deployDirectory Deployment of web application directory [/Users/rae-anandres/CATALINA_HOME/tomcat/tomcat2/webapps/examples] has finished in [119] ms
23-Mar-2025 04:20:43.775 INFO [main] org.apache.catalina.startup.HostConfig.deployDirectory Deploying web application directory [/Users/rae-anandres/CATALINA_HOME/tomcat/tomcat2/webapps/sample]
23-Mar-2025 04:20:43.788 INFO [main] org.apache.catalina.startup.HostConfig.deployDirectory Deployment of web application directory [/Users/rae-anandres/CATALINA_HOME/tomcat/tomcat2/webapps/sample] has finished in [13] ms
23-Mar-2025 04:20:43.789 INFO [main] org.apache.catalina.startup.HostConfig.deployDirectory Deploying web application directory [/Users/rae-anandres/CATALINA_HOME/tomcat/tomcat2/webapps/ROOT]
23-Mar-2025 04:20:43.796 INFO [main] org.apache.catalina.startup.HostConfig.deployDirectory Deployment of web application directory [/Users/rae-anandres/CATALINA_HOME/tomcat/tomcat2/webapps/ROOT] has finished in [8] ms
23-Mar-2025 04:20:43.796 INFO [main] org.apache.catalina.startup.HostConfig.deployDirectory Deploying web application directory [/Users/rae-anandres/CATALINA_HOME/tomcat/tomcat2/webapps/host-manager]
23-Mar-2025 04:20:43.806 INFO [main] org.apache.catalina.startup.HostConfig.deployDirectory Deployment of web application directory [/Users/rae-anandres/CATALINA_HOME/tomcat/tomcat2/webapps/host-manager] has finished in [9] ms
23-Mar-2025 04:20:43.807 INFO [main] org.apache.coyote.AbstractProtocol.start Starting ProtocolHandler ["http-nio-8081"]
23-Mar-2025 04:20:43.814 SEVERE [main] org.apache.catalina.util.LifecycleBase.handleSubClassException Failed to start component [Connector["ajp-nio-0:0:0:0:0:0:0:1-8010"]]
	org.apache.catalina.LifecycleException: Protocol handler start failed
		at org.apache.catalina.connector.Connector.startInternal(Connector.java:1087)
		at org.apache.catalina.util.LifecycleBase.start(LifecycleBase.java:164)
		at org.apache.catalina.core.StandardService.startInternal(StandardService.java:428)
		at org.apache.catalina.util.LifecycleBase.start(LifecycleBase.java:164)
		at org.apache.catalina.core.StandardServer.startInternal(StandardServer.java:866)
		at org.apache.catalina.util.LifecycleBase.start(LifecycleBase.java:164)
		at org.apache.catalina.startup.Catalina.start(Catalina.java:759)
		at java.base/jdk.internal.reflect.DirectMethodHandleAccessor.invoke(DirectMethodHandleAccessor.java:103)
		at java.base/java.lang.reflect.Method.invoke(Method.java:580)
		at org.apache.catalina.startup.Bootstrap.start(Bootstrap.java:342)
		at org.apache.catalina.startup.Bootstrap.main(Bootstrap.java:470)
	Caused by: java.lang.IllegalArgumentException: The AJP Connector is configured with secretRequired="true" but the secret attribute is either null or "". This combination is not valid.
		at org.apache.coyote.ajp.AbstractAjpProtocol.start(AbstractAjpProtocol.java:255)
		at org.apache.catalina.connector.Connector.startInternal(Connector.java:1084)
		... 10 more
23-Mar-2025 04:20:43.814 INFO [main] org.apache.catalina.startup.Catalina.start Server startup in [370] milliseconds
23-Mar-2025 04:29:15.393 INFO [main] org.apache.catalina.core.StandardServer.await A valid shutdown command was received via the shutdown port. Stopping the Server instance.
23-Mar-2025 04:29:15.394 INFO [main] org.apache.coyote.AbstractProtocol.pause Pausing ProtocolHandler ["http-nio-8081"]
23-Mar-2025 04:29:15.397 INFO [main] org.apache.coyote.AbstractProtocol.pause Pausing ProtocolHandler ["ajp-nio-0:0:0:0:0:0:0:1-8010"]
23-Mar-2025 04:29:15.397 INFO [main] org.apache.catalina.core.StandardService.stopInternal Stopping service [Catalina]
23-Mar-2025 04:29:15.408 INFO [main] org.apache.coyote.AbstractProtocol.stop Stopping ProtocolHandler ["http-nio-8081"]
23-Mar-2025 04:29:15.410 INFO [main] org.apache.coyote.AbstractProtocol.destroy Destroying ProtocolHandler ["http-nio-8081"]
23-Mar-2025 04:29:15.410 INFO [main] org.apache.coyote.AbstractProtocol.stop Stopping ProtocolHandler ["ajp-nio-0:0:0:0:0:0:0:1-8010"]
23-Mar-2025 04:29:15.410 INFO [main] org.apache.coyote.AbstractProtocol.destroy Destroying ProtocolHandler ["ajp-nio-0:0:0:0:0:0:0:1-8010"]
