23-Mar-2025 02:57:57.259 INFO [main] org.apache.catalina.core.ApplicationContext.log ContextListener: contextInitialized()
23-Mar-2025 02:57:57.259 INFO [main] org.apache.catalina.core.ApplicationContext.log SessionListener: contextInitialized()
23-Mar-2025 02:57:57.259 INFO [main] org.apache.catalina.core.ApplicationContext.log ContextListener: attributeAdded('StockTicker', 'async.Stockticker@6ffab045')
23-Mar-2025 02:58:17.573 INFO [main] org.apache.catalina.core.ApplicationContext.log SessionListener: contextDestroyed()
23-Mar-2025 02:58:17.573 INFO [main] org.apache.catalina.core.ApplicationContext.log ContextListener: contextDestroyed()
23-Mar-2025 03:22:47.282 INFO [main] org.apache.catalina.core.ApplicationContext.log ContextListener: contextInitialized()
23-Mar-2025 03:22:47.282 INFO [main] org.apache.catalina.core.ApplicationContext.log SessionListener: contextInitialized()
23-Mar-2025 03:22:47.283 INFO [main] org.apache.catalina.core.ApplicationContext.log ContextListener: attributeAdded('StockTicker', 'async.Stockticker@fd46303')
23-Mar-2025 03:25:59.858 INFO [main] org.apache.catalina.core.ApplicationContext.log SessionListener: contextDestroyed()
23-Mar-2025 03:25:59.858 INFO [main] org.apache.catalina.core.ApplicationContext.log ContextListener: contextDestroyed()
23-Mar-2025 03:26:13.263 INFO [main] org.apache.catalina.core.ApplicationContext.log ContextListener: contextInitialized()
23-Mar-2025 03:26:13.263 INFO [main] org.apache.catalina.core.ApplicationContext.log SessionListener: contextInitialized()
23-Mar-2025 03:26:13.264 INFO [main] org.apache.catalina.core.ApplicationContext.log ContextListener: attributeAdded('StockTicker', 'async.Stockticker@3d8bbcdc')
23-Mar-2025 03:26:39.562 INFO [main] org.apache.catalina.core.ApplicationContext.log SessionListener: contextDestroyed()
23-Mar-2025 03:26:39.562 INFO [main] org.apache.catalina.core.ApplicationContext.log ContextListener: contextDestroyed()
23-Mar-2025 04:01:54.223 INFO [main] org.apache.catalina.core.ApplicationContext.log ContextListener: contextInitialized()
23-Mar-2025 04:01:54.223 INFO [main] org.apache.catalina.core.ApplicationContext.log SessionListener: contextInitialized()
23-Mar-2025 04:01:54.223 INFO [main] org.apache.catalina.core.ApplicationContext.log ContextListener: attributeAdded('StockTicker', 'async.Stockticker@c7a975a')
23-Mar-2025 04:02:35.583 INFO [main] org.apache.catalina.core.ApplicationContext.log SessionListener: contextDestroyed()
23-Mar-2025 04:02:35.583 INFO [main] org.apache.catalina.core.ApplicationContext.log ContextListener: contextDestroyed()
23-Mar-2025 04:12:40.662 INFO [main] org.apache.catalina.core.ApplicationContext.log ContextListener: contextInitialized()
23-Mar-2025 04:12:40.662 INFO [main] org.apache.catalina.core.ApplicationContext.log SessionListener: contextInitialized()
23-Mar-2025 04:12:40.663 INFO [main] org.apache.catalina.core.ApplicationContext.log ContextListener: attributeAdded('StockTicker', 'async.Stockticker@235f4c10')
23-Mar-2025 04:14:20.897 INFO [main] org.apache.catalina.core.ApplicationContext.log SessionListener: contextDestroyed()
23-Mar-2025 04:14:20.897 INFO [main] org.apache.catalina.core.ApplicationContext.log ContextListener: contextDestroyed()
23-Mar-2025 04:14:34.421 INFO [main] org.apache.catalina.core.ApplicationContext.log ContextListener: contextInitialized()
23-Mar-2025 04:14:34.421 INFO [main] org.apache.catalina.core.ApplicationContext.log SessionListener: contextInitialized()
23-Mar-2025 04:14:34.421 INFO [main] org.apache.catalina.core.ApplicationContext.log ContextListener: attributeAdded('StockTicker', 'async.Stockticker@21005f6c')
23-Mar-2025 04:15:43.642 INFO [main] org.apache.catalina.core.ApplicationContext.log SessionListener: contextDestroyed()
23-Mar-2025 04:15:43.642 INFO [main] org.apache.catalina.core.ApplicationContext.log ContextListener: contextDestroyed()
23-Mar-2025 04:18:11.958 INFO [main] org.apache.catalina.core.ApplicationContext.log ContextListener: contextInitialized()
23-Mar-2025 04:18:11.958 INFO [main] org.apache.catalina.core.ApplicationContext.log SessionListener: contextInitialized()
23-Mar-2025 04:18:11.958 INFO [main] org.apache.catalina.core.ApplicationContext.log ContextListener: attributeAdded('StockTicker', 'async.Stockticker@bcec031')
23-Mar-2025 04:20:25.282 INFO [main] org.apache.catalina.core.ApplicationContext.log SessionListener: contextDestroyed()
23-Mar-2025 04:20:25.282 INFO [main] org.apache.catalina.core.ApplicationContext.log ContextListener: contextDestroyed()
23-Mar-2025 04:20:43.772 INFO [main] org.apache.catalina.core.ApplicationContext.log ContextListener: contextInitialized()
23-Mar-2025 04:20:43.772 INFO [main] org.apache.catalina.core.ApplicationContext.log SessionListener: contextInitialized()
23-Mar-2025 04:20:43.773 INFO [main] org.apache.catalina.core.ApplicationContext.log ContextListener: attributeAdded('StockTicker', 'async.Stockticker@625e134e')
23-Mar-2025 04:29:15.403 INFO [main] org.apache.catalina.core.ApplicationContext.log SessionListener: contextDestroyed()
23-Mar-2025 04:29:15.403 INFO [main] org.apache.catalina.core.ApplicationContext.log ContextListener: contextDestroyed()
