Unrecognized option: -X512m
Error: Could not create the Java Virtual Machine.
Error: A fatal exception has occurred. Program will exit.
Unrecognized option: -X512m
Error: Could not create the Java Virtual Machine.
Error: A fatal exception has occurred. Program will exit.
Unrecognized option: -X512m
Error: Could not create the Java Virtual Machine.
Error: A fatal exception has occurred. Program will exit.
Unrecognized option: -X512m
Error: Could not create the Java Virtual Machine.
Error: A fatal exception has occurred. Program will exit.
Unrecognized option: -X512m
Error: Could not create the Java Virtual Machine.
Error: A fatal exception has occurred. Program will exit.
Unrecognized option: -X512m
Error: Could not create the Java Virtual Machine.
Error: A fatal exception has occurred. Program will exit.
Unrecognized option: -X512m
Error: Could not create the Java Virtual Machine.
Error: A fatal exception has occurred. Program will exit.
Unrecognized option: -X512m
Error: Could not create the Java Virtual Machine.
Error: A fatal exception has occurred. Program will exit.
Unrecognized option: -X512m
Error: Could not create the Java Virtual Machine.
Error: A fatal exception has occurred. Program will exit.
Unrecognized option: -X512m
Error: Could not create the Java Virtual Machine.
Error: A fatal exception has occurred. Program will exit.
Unrecognized option: -X512m
Error: Could not create the Java Virtual Machine.
Error: A fatal exception has occurred. Program will exit.
Unrecognized option: -X512m
Error: Could not create the Java Virtual Machine.
Error: A fatal exception has occurred. Program will exit.
Unrecognized option: -X512m
Error: Could not create the Java Virtual Machine.
Error: A fatal exception has occurred. Program will exit.
23-Mar-2025 03:22:48.890 INFO [main] org.apache.catalina.startup.VersionLoggerListener.log Server version name:   Apache Tomcat/11.0.5
23-Mar-2025 03:22:48.892 INFO [main] org.apache.catalina.startup.VersionLoggerListener.log Server built:          Feb 28 2025 15:54:41 UTC
23-Mar-2025 03:22:48.892 INFO [main] org.apache.catalina.startup.VersionLoggerListener.log Server version number: 11.0.5.0
23-Mar-2025 03:22:48.892 INFO [main] org.apache.catalina.startup.VersionLoggerListener.log OS Name:               Mac OS X
23-Mar-2025 03:22:48.892 INFO [main] org.apache.catalina.startup.VersionLoggerListener.log OS Version:            15.3.1
23-Mar-2025 03:22:48.892 INFO [main] org.apache.catalina.startup.VersionLoggerListener.log Architecture:          aarch64
23-Mar-2025 03:22:48.892 INFO [main] org.apache.catalina.startup.VersionLoggerListener.log Java Home:             /Library/Java/JavaVirtualMachines/jdk-21.jdk/Contents/Home
23-Mar-2025 03:22:48.893 INFO [main] org.apache.catalina.startup.VersionLoggerListener.log JVM Version:           21.0.2+13-LTS-58
23-Mar-2025 03:22:48.893 INFO [main] org.apache.catalina.startup.VersionLoggerListener.log JVM Vendor:            Oracle Corporation
23-Mar-2025 03:22:48.893 INFO [main] org.apache.catalina.startup.VersionLoggerListener.log CATALINA_BASE:         /Users/rae-anandres/CATALINA_HOME/tomcat/tomcat3
23-Mar-2025 03:22:48.893 INFO [main] org.apache.catalina.startup.VersionLoggerListener.log CATALINA_HOME:         /Users/rae-anandres/CATALINA_HOME/tomcat/tomcat3
23-Mar-2025 03:22:48.898 INFO [main] org.apache.catalina.startup.VersionLoggerListener.log Command line argument: -Djava.util.logging.config.file=/Users/rae-anandres/CATALINA_HOME/tomcat/tomcat3/conf/logging.properties
23-Mar-2025 03:22:48.898 INFO [main] org.apache.catalina.startup.VersionLoggerListener.log Command line argument: -Djava.util.logging.manager=org.apache.juli.ClassLoaderLogManager
23-Mar-2025 03:22:48.898 INFO [main] org.apache.catalina.startup.VersionLoggerListener.log Command line argument: -Djdk.tls.ephemeralDHKeySize=2048
23-Mar-2025 03:22:48.898 INFO [main] org.apache.catalina.startup.VersionLoggerListener.log Command line argument: -Dorg.apache.catalina.security.SecurityListener.UMASK=0027
23-Mar-2025 03:22:48.898 INFO [main] org.apache.catalina.startup.VersionLoggerListener.log Command line argument: --add-opens=java.base/java.lang=ALL-UNNAMED
23-Mar-2025 03:22:48.898 INFO [main] org.apache.catalina.startup.VersionLoggerListener.log Command line argument: --add-opens=java.base/java.lang.reflect=ALL-UNNAMED
23-Mar-2025 03:22:48.898 INFO [main] org.apache.catalina.startup.VersionLoggerListener.log Command line argument: --add-opens=java.base/java.io=ALL-UNNAMED
23-Mar-2025 03:22:48.898 INFO [main] org.apache.catalina.startup.VersionLoggerListener.log Command line argument: --add-opens=java.base/java.util=ALL-UNNAMED
23-Mar-2025 03:22:48.898 INFO [main] org.apache.catalina.startup.VersionLoggerListener.log Command line argument: --add-opens=java.base/java.util.concurrent=ALL-UNNAMED
23-Mar-2025 03:22:48.898 INFO [main] org.apache.catalina.startup.VersionLoggerListener.log Command line argument: --add-opens=java.rmi/sun.rmi.transport=ALL-UNNAMED
23-Mar-2025 03:22:48.899 INFO [main] org.apache.catalina.startup.VersionLoggerListener.log Command line argument: --enable-native-access=ALL-UNNAMED
23-Mar-2025 03:22:48.899 INFO [main] org.apache.catalina.startup.VersionLoggerListener.log Command line argument: -Dcatalina.base=/Users/rae-anandres/CATALINA_HOME/tomcat/tomcat3
23-Mar-2025 03:22:48.899 INFO [main] org.apache.catalina.startup.VersionLoggerListener.log Command line argument: -Dcatalina.home=/Users/rae-anandres/CATALINA_HOME/tomcat/tomcat3
23-Mar-2025 03:22:48.899 INFO [main] org.apache.catalina.startup.VersionLoggerListener.log Command line argument: -Djava.io.tmpdir=/Users/rae-anandres/CATALINA_HOME/tomcat/tomcat3/temp
23-Mar-2025 03:22:48.904 INFO [main] org.apache.catalina.core.AprLifecycleListener.lifecycleEvent The Apache Tomcat Native library which allows using OpenSSL was not found on the java.library.path: [/Users/rae-anandres/Library/Java/Extensions:/Library/Java/Extensions:/Network/Library/Java/Extensions:/System/Library/Java/Extensions:/usr/lib/java:.]
23-Mar-2025 03:22:49.050 INFO [main] org.apache.coyote.AbstractProtocol.init Initializing ProtocolHandler ["http-nio-81"]
23-Mar-2025 03:22:49.065 INFO [main] org.apache.coyote.AbstractProtocol.init Initializing ProtocolHandler ["ajp-nio-0:0:0:0:0:0:0:1-8009"]
23-Mar-2025 03:22:49.066 SEVERE [main] org.apache.catalina.util.LifecycleBase.handleSubClassException Failed to initialize component [Connector["ajp-nio-0:0:0:0:0:0:0:1-8009"]]
	org.apache.catalina.LifecycleException: Protocol handler initialization failed
		at org.apache.catalina.connector.Connector.initInternal(Connector.java:1056)
		at org.apache.catalina.util.LifecycleBase.init(LifecycleBase.java:122)
		at org.apache.catalina.core.StandardService.initInternal(StandardService.java:525)
		at org.apache.catalina.util.LifecycleBase.init(LifecycleBase.java:122)
		at org.apache.catalina.core.StandardServer.initInternal(StandardServer.java:953)
		at org.apache.catalina.util.LifecycleBase.init(LifecycleBase.java:122)
		at org.apache.catalina.startup.Catalina.load(Catalina.java:710)
		at org.apache.catalina.startup.Catalina.load(Catalina.java:733)
		at java.base/jdk.internal.reflect.DirectMethodHandleAccessor.invoke(DirectMethodHandleAccessor.java:103)
		at java.base/java.lang.reflect.Method.invoke(Method.java:580)
		at org.apache.catalina.startup.Bootstrap.load(Bootstrap.java:299)
		at org.apache.catalina.startup.Bootstrap.main(Bootstrap.java:469)
	Caused by: java.net.BindException: Address already in use
		at java.base/sun.nio.ch.Net.bind0(Native Method)
		at java.base/sun.nio.ch.Net.bind(Net.java:565)
		at java.base/sun.nio.ch.ServerSocketChannelImpl.netBind(ServerSocketChannelImpl.java:344)
		at java.base/sun.nio.ch.ServerSocketChannelImpl.bind(ServerSocketChannelImpl.java:301)
		at org.apache.tomcat.util.net.NioEndpoint.initServerSocket(NioEndpoint.java:240)
		at org.apache.tomcat.util.net.NioEndpoint.bind(NioEndpoint.java:195)
		at org.apache.tomcat.util.net.AbstractEndpoint.bindWithCleanup(AbstractEndpoint.java:1472)
		at org.apache.tomcat.util.net.AbstractEndpoint.init(AbstractEndpoint.java:1485)
		at org.apache.coyote.AbstractProtocol.init(AbstractProtocol.java:633)
		at org.apache.catalina.connector.Connector.initInternal(Connector.java:1054)
		... 11 more
23-Mar-2025 03:22:49.066 INFO [main] org.apache.catalina.startup.Catalina.load Server initialization in [273] milliseconds
23-Mar-2025 03:22:49.085 INFO [main] org.apache.catalina.core.StandardService.startInternal Starting service [Catalina]
23-Mar-2025 03:22:49.085 INFO [main] org.apache.catalina.core.StandardEngine.startInternal Starting Servlet engine: [Apache Tomcat/11.0.5]
23-Mar-2025 03:22:49.093 INFO [main] org.apache.catalina.startup.HostConfig.deployWAR Deploying web application archive [/Users/rae-anandres/CATALINA_HOME/tomcat/tomcat3/webapps/sample.war]
23-Mar-2025 03:22:49.233 INFO [main] org.apache.catalina.startup.HostConfig.deployWAR Deployment of web application archive [/Users/rae-anandres/CATALINA_HOME/tomcat/tomcat3/webapps/sample.war] has finished in [140] ms
23-Mar-2025 03:22:49.233 INFO [main] org.apache.catalina.startup.HostConfig.deployDirectory Deploying web application directory [/Users/rae-anandres/CATALINA_HOME/tomcat/tomcat3/webapps/docs]
23-Mar-2025 03:22:49.246 INFO [main] org.apache.catalina.startup.HostConfig.deployDirectory Deployment of web application directory [/Users/rae-anandres/CATALINA_HOME/tomcat/tomcat3/webapps/docs] has finished in [13] ms
23-Mar-2025 03:22:49.246 INFO [main] org.apache.catalina.startup.HostConfig.deployDirectory Deploying web application directory [/Users/rae-anandres/CATALINA_HOME/tomcat/tomcat3/webapps/manager]
23-Mar-2025 03:22:49.265 INFO [main] org.apache.catalina.startup.HostConfig.deployDirectory Deployment of web application directory [/Users/rae-anandres/CATALINA_HOME/tomcat/tomcat3/webapps/manager] has finished in [19] ms
23-Mar-2025 03:22:49.265 INFO [main] org.apache.catalina.startup.HostConfig.deployDirectory Deploying web application directory [/Users/rae-anandres/CATALINA_HOME/tomcat/tomcat3/webapps/examples]
23-Mar-2025 03:22:49.378 INFO [main] org.apache.catalina.startup.HostConfig.deployDirectory Deployment of web application directory [/Users/rae-anandres/CATALINA_HOME/tomcat/tomcat3/webapps/examples] has finished in [113] ms
23-Mar-2025 03:22:49.378 INFO [main] org.apache.catalina.startup.HostConfig.deployDirectory Deploying web application directory [/Users/rae-anandres/CATALINA_HOME/tomcat/tomcat3/webapps/ROOT]
23-Mar-2025 03:22:49.387 INFO [main] org.apache.catalina.startup.HostConfig.deployDirectory Deployment of web application directory [/Users/rae-anandres/CATALINA_HOME/tomcat/tomcat3/webapps/ROOT] has finished in [8] ms
23-Mar-2025 03:22:49.387 INFO [main] org.apache.catalina.startup.HostConfig.deployDirectory Deploying web application directory [/Users/rae-anandres/CATALINA_HOME/tomcat/tomcat3/webapps/host-manager]
23-Mar-2025 03:22:49.396 INFO [main] org.apache.catalina.startup.HostConfig.deployDirectory Deployment of web application directory [/Users/rae-anandres/CATALINA_HOME/tomcat/tomcat3/webapps/host-manager] has finished in [8] ms
23-Mar-2025 03:22:49.398 INFO [main] org.apache.coyote.AbstractProtocol.start Starting ProtocolHandler ["http-nio-81"]
23-Mar-2025 03:22:49.404 INFO [main] org.apache.catalina.startup.Catalina.start Server startup in [336] milliseconds
23-Mar-2025 03:26:14.859 INFO [main] org.apache.catalina.startup.VersionLoggerListener.log Server version name:   Apache Tomcat/11.0.5
23-Mar-2025 03:26:14.861 INFO [main] org.apache.catalina.startup.VersionLoggerListener.log Server built:          Feb 28 2025 15:54:41 UTC
23-Mar-2025 03:26:14.861 INFO [main] org.apache.catalina.startup.VersionLoggerListener.log Server version number: 11.0.5.0
23-Mar-2025 03:26:14.862 INFO [main] org.apache.catalina.startup.VersionLoggerListener.log OS Name:               Mac OS X
23-Mar-2025 03:26:14.862 INFO [main] org.apache.catalina.startup.VersionLoggerListener.log OS Version:            15.3.1
23-Mar-2025 03:26:14.862 INFO [main] org.apache.catalina.startup.VersionLoggerListener.log Architecture:          aarch64
23-Mar-2025 03:26:14.862 INFO [main] org.apache.catalina.startup.VersionLoggerListener.log Java Home:             /Library/Java/JavaVirtualMachines/jdk-21.jdk/Contents/Home
23-Mar-2025 03:26:14.862 INFO [main] org.apache.catalina.startup.VersionLoggerListener.log JVM Version:           21.0.2+13-LTS-58
23-Mar-2025 03:26:14.862 INFO [main] org.apache.catalina.startup.VersionLoggerListener.log JVM Vendor:            Oracle Corporation
23-Mar-2025 03:26:14.862 INFO [main] org.apache.catalina.startup.VersionLoggerListener.log CATALINA_BASE:         /Users/rae-anandres/CATALINA_HOME/tomcat/tomcat3
23-Mar-2025 03:26:14.862 INFO [main] org.apache.catalina.startup.VersionLoggerListener.log CATALINA_HOME:         /Users/rae-anandres/CATALINA_HOME/tomcat/tomcat3
23-Mar-2025 03:26:14.866 INFO [main] org.apache.catalina.startup.VersionLoggerListener.log Command line argument: -Djava.util.logging.config.file=/Users/rae-anandres/CATALINA_HOME/tomcat/tomcat3/conf/logging.properties
23-Mar-2025 03:26:14.866 INFO [main] org.apache.catalina.startup.VersionLoggerListener.log Command line argument: -Djava.util.logging.manager=org.apache.juli.ClassLoaderLogManager
23-Mar-2025 03:26:14.867 INFO [main] org.apache.catalina.startup.VersionLoggerListener.log Command line argument: -Djdk.tls.ephemeralDHKeySize=2048
23-Mar-2025 03:26:14.867 INFO [main] org.apache.catalina.startup.VersionLoggerListener.log Command line argument: -Dorg.apache.catalina.security.SecurityListener.UMASK=0027
23-Mar-2025 03:26:14.867 INFO [main] org.apache.catalina.startup.VersionLoggerListener.log Command line argument: --add-opens=java.base/java.lang=ALL-UNNAMED
23-Mar-2025 03:26:14.867 INFO [main] org.apache.catalina.startup.VersionLoggerListener.log Command line argument: --add-opens=java.base/java.lang.reflect=ALL-UNNAMED
23-Mar-2025 03:26:14.867 INFO [main] org.apache.catalina.startup.VersionLoggerListener.log Command line argument: --add-opens=java.base/java.io=ALL-UNNAMED
23-Mar-2025 03:26:14.867 INFO [main] org.apache.catalina.startup.VersionLoggerListener.log Command line argument: --add-opens=java.base/java.util=ALL-UNNAMED
23-Mar-2025 03:26:14.867 INFO [main] org.apache.catalina.startup.VersionLoggerListener.log Command line argument: --add-opens=java.base/java.util.concurrent=ALL-UNNAMED
23-Mar-2025 03:26:14.867 INFO [main] org.apache.catalina.startup.VersionLoggerListener.log Command line argument: --add-opens=java.rmi/sun.rmi.transport=ALL-UNNAMED
23-Mar-2025 03:26:14.867 INFO [main] org.apache.catalina.startup.VersionLoggerListener.log Command line argument: --enable-native-access=ALL-UNNAMED
23-Mar-2025 03:26:14.867 INFO [main] org.apache.catalina.startup.VersionLoggerListener.log Command line argument: -Dcatalina.base=/Users/rae-anandres/CATALINA_HOME/tomcat/tomcat3
23-Mar-2025 03:26:14.867 INFO [main] org.apache.catalina.startup.VersionLoggerListener.log Command line argument: -Dcatalina.home=/Users/rae-anandres/CATALINA_HOME/tomcat/tomcat3
23-Mar-2025 03:26:14.867 INFO [main] org.apache.catalina.startup.VersionLoggerListener.log Command line argument: -Djava.io.tmpdir=/Users/rae-anandres/CATALINA_HOME/tomcat/tomcat3/temp
23-Mar-2025 03:26:14.872 INFO [main] org.apache.catalina.core.AprLifecycleListener.lifecycleEvent The Apache Tomcat Native library which allows using OpenSSL was not found on the java.library.path: [/Users/rae-anandres/Library/Java/Extensions:/Library/Java/Extensions:/Network/Library/Java/Extensions:/System/Library/Java/Extensions:/usr/lib/java:.]
23-Mar-2025 03:26:15.017 INFO [main] org.apache.coyote.AbstractProtocol.init Initializing ProtocolHandler ["http-nio-8082"]
23-Mar-2025 03:26:15.042 INFO [main] org.apache.catalina.startup.Catalina.load Server initialization in [266] milliseconds
23-Mar-2025 03:26:15.062 INFO [main] org.apache.catalina.core.StandardService.startInternal Starting service [Catalina]
23-Mar-2025 03:26:15.062 INFO [main] org.apache.catalina.core.StandardEngine.startInternal Starting Servlet engine: [Apache Tomcat/11.0.5]
23-Mar-2025 03:26:15.069 INFO [main] org.apache.catalina.startup.HostConfig.deployWAR Deploying web application archive [/Users/rae-anandres/CATALINA_HOME/tomcat/tomcat3/webapps/sample.war]
23-Mar-2025 03:26:15.207 INFO [main] org.apache.catalina.startup.HostConfig.deployWAR Deployment of web application archive [/Users/rae-anandres/CATALINA_HOME/tomcat/tomcat3/webapps/sample.war] has finished in [138] ms
23-Mar-2025 03:26:15.207 INFO [main] org.apache.catalina.startup.HostConfig.deployDirectory Deploying web application directory [/Users/rae-anandres/CATALINA_HOME/tomcat/tomcat3/webapps/docs]
23-Mar-2025 03:26:15.219 INFO [main] org.apache.catalina.startup.HostConfig.deployDirectory Deployment of web application directory [/Users/rae-anandres/CATALINA_HOME/tomcat/tomcat3/webapps/docs] has finished in [12] ms
23-Mar-2025 03:26:15.219 INFO [main] org.apache.catalina.startup.HostConfig.deployDirectory Deploying web application directory [/Users/rae-anandres/CATALINA_HOME/tomcat/tomcat3/webapps/manager]
23-Mar-2025 03:26:15.236 INFO [main] org.apache.catalina.startup.HostConfig.deployDirectory Deployment of web application directory [/Users/rae-anandres/CATALINA_HOME/tomcat/tomcat3/webapps/manager] has finished in [17] ms
23-Mar-2025 03:26:15.236 INFO [main] org.apache.catalina.startup.HostConfig.deployDirectory Deploying web application directory [/Users/rae-anandres/CATALINA_HOME/tomcat/tomcat3/webapps/examples]
23-Mar-2025 03:26:15.340 INFO [main] org.apache.catalina.startup.HostConfig.deployDirectory Deployment of web application directory [/Users/rae-anandres/CATALINA_HOME/tomcat/tomcat3/webapps/examples] has finished in [104] ms
23-Mar-2025 03:26:15.340 INFO [main] org.apache.catalina.startup.HostConfig.deployDirectory Deploying web application directory [/Users/rae-anandres/CATALINA_HOME/tomcat/tomcat3/webapps/ROOT]
23-Mar-2025 03:26:15.347 INFO [main] org.apache.catalina.startup.HostConfig.deployDirectory Deployment of web application directory [/Users/rae-anandres/CATALINA_HOME/tomcat/tomcat3/webapps/ROOT] has finished in [7] ms
23-Mar-2025 03:26:15.347 INFO [main] org.apache.catalina.startup.HostConfig.deployDirectory Deploying web application directory [/Users/rae-anandres/CATALINA_HOME/tomcat/tomcat3/webapps/host-manager]
23-Mar-2025 03:26:15.356 INFO [main] org.apache.catalina.startup.HostConfig.deployDirectory Deployment of web application directory [/Users/rae-anandres/CATALINA_HOME/tomcat/tomcat3/webapps/host-manager] has finished in [9] ms
23-Mar-2025 03:26:15.357 INFO [main] org.apache.coyote.AbstractProtocol.start Starting ProtocolHandler ["http-nio-8082"]
23-Mar-2025 03:26:15.364 INFO [main] org.apache.catalina.startup.Catalina.start Server startup in [320] milliseconds
23-Mar-2025 03:26:40.758 INFO [main] org.apache.catalina.core.StandardServer.await A valid shutdown command was received via the shutdown port. Stopping the Server instance.
23-Mar-2025 03:26:40.758 INFO [main] org.apache.coyote.AbstractProtocol.pause Pausing ProtocolHandler ["http-nio-8082"]
23-Mar-2025 03:26:40.761 INFO [main] org.apache.catalina.core.StandardService.stopInternal Stopping service [Catalina]
23-Mar-2025 03:26:40.771 INFO [main] org.apache.coyote.AbstractProtocol.stop Stopping ProtocolHandler ["http-nio-8082"]
23-Mar-2025 03:26:40.773 INFO [main] org.apache.coyote.AbstractProtocol.destroy Destroying ProtocolHandler ["http-nio-8082"]
23-Mar-2025 03:53:50.832 INFO [Catalina-utility-2] org.apache.catalina.startup.HostConfig.undeploy Undeploying context [/sample]
Unrecognized option: -X512m
Error: Could not create the Java Virtual Machine.
Error: A fatal exception has occurred. Program will exit.
23-Mar-2025 04:01:55.861 INFO [main] org.apache.catalina.startup.VersionLoggerListener.log Server version name:   Apache Tomcat/11.0.5
23-Mar-2025 04:01:55.862 INFO [main] org.apache.catalina.startup.VersionLoggerListener.log Server built:          Feb 28 2025 15:54:41 UTC
23-Mar-2025 04:01:55.862 INFO [main] org.apache.catalina.startup.VersionLoggerListener.log Server version number: 11.0.5.0
23-Mar-2025 04:01:55.862 INFO [main] org.apache.catalina.startup.VersionLoggerListener.log OS Name:               Mac OS X
23-Mar-2025 04:01:55.863 INFO [main] org.apache.catalina.startup.VersionLoggerListener.log OS Version:            15.3.1
23-Mar-2025 04:01:55.863 INFO [main] org.apache.catalina.startup.VersionLoggerListener.log Architecture:          aarch64
23-Mar-2025 04:01:55.863 INFO [main] org.apache.catalina.startup.VersionLoggerListener.log Java Home:             /Library/Java/JavaVirtualMachines/jdk-21.jdk/Contents/Home
23-Mar-2025 04:01:55.863 INFO [main] org.apache.catalina.startup.VersionLoggerListener.log JVM Version:           21.0.2+13-LTS-58
23-Mar-2025 04:01:55.863 INFO [main] org.apache.catalina.startup.VersionLoggerListener.log JVM Vendor:            Oracle Corporation
23-Mar-2025 04:01:55.863 INFO [main] org.apache.catalina.startup.VersionLoggerListener.log CATALINA_BASE:         /Users/rae-anandres/CATALINA_HOME/tomcat/tomcat3
23-Mar-2025 04:01:55.863 INFO [main] org.apache.catalina.startup.VersionLoggerListener.log CATALINA_HOME:         /Users/rae-anandres/CATALINA_HOME/tomcat/tomcat3
23-Mar-2025 04:01:55.868 INFO [main] org.apache.catalina.startup.VersionLoggerListener.log Command line argument: -Djava.util.logging.config.file=/Users/rae-anandres/CATALINA_HOME/tomcat/tomcat3/conf/logging.properties
23-Mar-2025 04:01:55.868 INFO [main] org.apache.catalina.startup.VersionLoggerListener.log Command line argument: -Djava.util.logging.manager=org.apache.juli.ClassLoaderLogManager
23-Mar-2025 04:01:55.868 INFO [main] org.apache.catalina.startup.VersionLoggerListener.log Command line argument: -Djdk.tls.ephemeralDHKeySize=2048
23-Mar-2025 04:01:55.868 INFO [main] org.apache.catalina.startup.VersionLoggerListener.log Command line argument: -Dorg.apache.catalina.security.SecurityListener.UMASK=0027
23-Mar-2025 04:01:55.868 INFO [main] org.apache.catalina.startup.VersionLoggerListener.log Command line argument: --add-opens=java.base/java.lang=ALL-UNNAMED
23-Mar-2025 04:01:55.868 INFO [main] org.apache.catalina.startup.VersionLoggerListener.log Command line argument: --add-opens=java.base/java.lang.reflect=ALL-UNNAMED
23-Mar-2025 04:01:55.868 INFO [main] org.apache.catalina.startup.VersionLoggerListener.log Command line argument: --add-opens=java.base/java.io=ALL-UNNAMED
23-Mar-2025 04:01:55.868 INFO [main] org.apache.catalina.startup.VersionLoggerListener.log Command line argument: --add-opens=java.base/java.util=ALL-UNNAMED
23-Mar-2025 04:01:55.868 INFO [main] org.apache.catalina.startup.VersionLoggerListener.log Command line argument: --add-opens=java.base/java.util.concurrent=ALL-UNNAMED
23-Mar-2025 04:01:55.868 INFO [main] org.apache.catalina.startup.VersionLoggerListener.log Command line argument: --add-opens=java.rmi/sun.rmi.transport=ALL-UNNAMED
23-Mar-2025 04:01:55.868 INFO [main] org.apache.catalina.startup.VersionLoggerListener.log Command line argument: --enable-native-access=ALL-UNNAMED
23-Mar-2025 04:01:55.868 INFO [main] org.apache.catalina.startup.VersionLoggerListener.log Command line argument: -Dcatalina.base=/Users/rae-anandres/CATALINA_HOME/tomcat/tomcat3
23-Mar-2025 04:01:55.868 INFO [main] org.apache.catalina.startup.VersionLoggerListener.log Command line argument: -Dcatalina.home=/Users/rae-anandres/CATALINA_HOME/tomcat/tomcat3
23-Mar-2025 04:01:55.868 INFO [main] org.apache.catalina.startup.VersionLoggerListener.log Command line argument: -Djava.io.tmpdir=/Users/rae-anandres/CATALINA_HOME/tomcat/tomcat3/temp
23-Mar-2025 04:01:55.874 INFO [main] org.apache.catalina.core.AprLifecycleListener.lifecycleEvent The Apache Tomcat Native library which allows using OpenSSL was not found on the java.library.path: [/Users/rae-anandres/Library/Java/Extensions:/Library/Java/Extensions:/Network/Library/Java/Extensions:/System/Library/Java/Extensions:/usr/lib/java:.]
23-Mar-2025 04:01:56.017 INFO [main] org.apache.coyote.AbstractProtocol.init Initializing ProtocolHandler ["http-nio-8082"]
23-Mar-2025 04:01:56.032 INFO [main] org.apache.catalina.startup.Catalina.load Server initialization in [251] milliseconds
23-Mar-2025 04:01:56.048 INFO [main] org.apache.catalina.core.StandardService.startInternal Starting service [Catalina]
23-Mar-2025 04:01:56.048 INFO [main] org.apache.catalina.core.StandardEngine.startInternal Starting Servlet engine: [Apache Tomcat/11.0.5]
23-Mar-2025 04:01:56.051 INFO [main] org.apache.catalina.startup.HostConfig.deployDirectory Deploying web application directory [/Users/rae-anandres/CATALINA_HOME/tomcat/tomcat3/webapps/docs]
23-Mar-2025 04:01:56.176 INFO [main] org.apache.catalina.startup.HostConfig.deployDirectory Deployment of web application directory [/Users/rae-anandres/CATALINA_HOME/tomcat/tomcat3/webapps/docs] has finished in [125] ms
23-Mar-2025 04:01:56.177 INFO [main] org.apache.catalina.startup.HostConfig.deployDirectory Deploying web application directory [/Users/rae-anandres/CATALINA_HOME/tomcat/tomcat3/webapps/manager]
23-Mar-2025 04:01:56.193 INFO [main] org.apache.catalina.startup.HostConfig.deployDirectory Deployment of web application directory [/Users/rae-anandres/CATALINA_HOME/tomcat/tomcat3/webapps/manager] has finished in [16] ms
23-Mar-2025 04:01:56.193 INFO [main] org.apache.catalina.startup.HostConfig.deployDirectory Deploying web application directory [/Users/rae-anandres/CATALINA_HOME/tomcat/tomcat3/webapps/examples]
23-Mar-2025 04:01:56.298 INFO [main] org.apache.catalina.startup.HostConfig.deployDirectory Deployment of web application directory [/Users/rae-anandres/CATALINA_HOME/tomcat/tomcat3/webapps/examples] has finished in [105] ms
23-Mar-2025 04:01:56.298 INFO [main] org.apache.catalina.startup.HostConfig.deployDirectory Deploying web application directory [/Users/rae-anandres/CATALINA_HOME/tomcat/tomcat3/webapps/ROOT]
23-Mar-2025 04:01:56.307 INFO [main] org.apache.catalina.startup.HostConfig.deployDirectory Deployment of web application directory [/Users/rae-anandres/CATALINA_HOME/tomcat/tomcat3/webapps/ROOT] has finished in [9] ms
23-Mar-2025 04:01:56.307 INFO [main] org.apache.catalina.startup.HostConfig.deployDirectory Deploying web application directory [/Users/rae-anandres/CATALINA_HOME/tomcat/tomcat3/webapps/host-manager]
23-Mar-2025 04:01:56.316 INFO [main] org.apache.catalina.startup.HostConfig.deployDirectory Deployment of web application directory [/Users/rae-anandres/CATALINA_HOME/tomcat/tomcat3/webapps/host-manager] has finished in [8] ms
23-Mar-2025 04:01:56.317 INFO [main] org.apache.coyote.AbstractProtocol.start Starting ProtocolHandler ["http-nio-8082"]
23-Mar-2025 04:01:56.323 INFO [main] org.apache.catalina.startup.Catalina.start Server startup in [291] milliseconds
23-Mar-2025 04:02:37.812 INFO [main] org.apache.catalina.core.StandardServer.await A valid shutdown command was received via the shutdown port. Stopping the Server instance.
23-Mar-2025 04:02:37.813 INFO [main] org.apache.coyote.AbstractProtocol.pause Pausing ProtocolHandler ["http-nio-8082"]
23-Mar-2025 04:02:37.815 INFO [main] org.apache.catalina.core.StandardService.stopInternal Stopping service [Catalina]
23-Mar-2025 04:02:37.824 INFO [main] org.apache.coyote.AbstractProtocol.stop Stopping ProtocolHandler ["http-nio-8082"]
23-Mar-2025 04:02:37.826 INFO [main] org.apache.coyote.AbstractProtocol.destroy Destroying ProtocolHandler ["http-nio-8082"]
23-Mar-2025 04:12:42.266 INFO [main] org.apache.catalina.startup.VersionLoggerListener.log Server version name:   Apache Tomcat/11.0.5
23-Mar-2025 04:12:42.268 INFO [main] org.apache.catalina.startup.VersionLoggerListener.log Server built:          Feb 28 2025 15:54:41 UTC
23-Mar-2025 04:12:42.268 INFO [main] org.apache.catalina.startup.VersionLoggerListener.log Server version number: 11.0.5.0
23-Mar-2025 04:12:42.268 INFO [main] org.apache.catalina.startup.VersionLoggerListener.log OS Name:               Mac OS X
23-Mar-2025 04:12:42.268 INFO [main] org.apache.catalina.startup.VersionLoggerListener.log OS Version:            15.3.1
23-Mar-2025 04:12:42.268 INFO [main] org.apache.catalina.startup.VersionLoggerListener.log Architecture:          aarch64
23-Mar-2025 04:12:42.268 INFO [main] org.apache.catalina.startup.VersionLoggerListener.log Java Home:             /Library/Java/JavaVirtualMachines/jdk-21.jdk/Contents/Home
23-Mar-2025 04:12:42.268 INFO [main] org.apache.catalina.startup.VersionLoggerListener.log JVM Version:           21.0.2+13-LTS-58
23-Mar-2025 04:12:42.268 INFO [main] org.apache.catalina.startup.VersionLoggerListener.log JVM Vendor:            Oracle Corporation
23-Mar-2025 04:12:42.268 INFO [main] org.apache.catalina.startup.VersionLoggerListener.log CATALINA_BASE:         /Users/rae-anandres/CATALINA_HOME/tomcat/tomcat3
23-Mar-2025 04:12:42.268 INFO [main] org.apache.catalina.startup.VersionLoggerListener.log CATALINA_HOME:         /Users/rae-anandres/CATALINA_HOME/tomcat/tomcat3
23-Mar-2025 04:12:42.273 INFO [main] org.apache.catalina.startup.VersionLoggerListener.log Command line argument: -Djava.util.logging.config.file=/Users/rae-anandres/CATALINA_HOME/tomcat/tomcat3/conf/logging.properties
23-Mar-2025 04:12:42.273 INFO [main] org.apache.catalina.startup.VersionLoggerListener.log Command line argument: -Djava.util.logging.manager=org.apache.juli.ClassLoaderLogManager
23-Mar-2025 04:12:42.273 INFO [main] org.apache.catalina.startup.VersionLoggerListener.log Command line argument: -Djdk.tls.ephemeralDHKeySize=2048
23-Mar-2025 04:12:42.273 INFO [main] org.apache.catalina.startup.VersionLoggerListener.log Command line argument: -Dorg.apache.catalina.security.SecurityListener.UMASK=0027
23-Mar-2025 04:12:42.273 INFO [main] org.apache.catalina.startup.VersionLoggerListener.log Command line argument: --add-opens=java.base/java.lang=ALL-UNNAMED
23-Mar-2025 04:12:42.273 INFO [main] org.apache.catalina.startup.VersionLoggerListener.log Command line argument: --add-opens=java.base/java.lang.reflect=ALL-UNNAMED
23-Mar-2025 04:12:42.273 INFO [main] org.apache.catalina.startup.VersionLoggerListener.log Command line argument: --add-opens=java.base/java.io=ALL-UNNAMED
23-Mar-2025 04:12:42.273 INFO [main] org.apache.catalina.startup.VersionLoggerListener.log Command line argument: --add-opens=java.base/java.util=ALL-UNNAMED
23-Mar-2025 04:12:42.273 INFO [main] org.apache.catalina.startup.VersionLoggerListener.log Command line argument: --add-opens=java.base/java.util.concurrent=ALL-UNNAMED
23-Mar-2025 04:12:42.273 INFO [main] org.apache.catalina.startup.VersionLoggerListener.log Command line argument: --add-opens=java.rmi/sun.rmi.transport=ALL-UNNAMED
23-Mar-2025 04:12:42.273 INFO [main] org.apache.catalina.startup.VersionLoggerListener.log Command line argument: --enable-native-access=ALL-UNNAMED
23-Mar-2025 04:12:42.273 INFO [main] org.apache.catalina.startup.VersionLoggerListener.log Command line argument: -Dcatalina.base=/Users/rae-anandres/CATALINA_HOME/tomcat/tomcat3
23-Mar-2025 04:12:42.273 INFO [main] org.apache.catalina.startup.VersionLoggerListener.log Command line argument: -Dcatalina.home=/Users/rae-anandres/CATALINA_HOME/tomcat/tomcat3
23-Mar-2025 04:12:42.273 INFO [main] org.apache.catalina.startup.VersionLoggerListener.log Command line argument: -Djava.io.tmpdir=/Users/rae-anandres/CATALINA_HOME/tomcat/tomcat3/temp
23-Mar-2025 04:12:42.279 INFO [main] org.apache.catalina.core.AprLifecycleListener.lifecycleEvent The Apache Tomcat Native library which allows using OpenSSL was not found on the java.library.path: [/Users/rae-anandres/Library/Java/Extensions:/Library/Java/Extensions:/Network/Library/Java/Extensions:/System/Library/Java/Extensions:/usr/lib/java:.]
23-Mar-2025 04:12:42.420 INFO [main] org.apache.coyote.AbstractProtocol.init Initializing ProtocolHandler ["http-nio-8082"]
23-Mar-2025 04:12:42.435 INFO [main] org.apache.catalina.startup.Catalina.load Server initialization in [250] milliseconds
23-Mar-2025 04:12:42.451 INFO [main] org.apache.catalina.core.StandardService.startInternal Starting service [Catalina]
23-Mar-2025 04:12:42.451 INFO [main] org.apache.catalina.core.StandardEngine.startInternal Starting Servlet engine: [Apache Tomcat/11.0.5]
23-Mar-2025 04:12:42.454 INFO [main] org.apache.catalina.startup.HostConfig.deployDirectory Deploying web application directory [/Users/rae-anandres/CATALINA_HOME/tomcat/tomcat3/webapps/docs]
23-Mar-2025 04:12:42.582 INFO [main] org.apache.catalina.startup.HostConfig.deployDirectory Deployment of web application directory [/Users/rae-anandres/CATALINA_HOME/tomcat/tomcat3/webapps/docs] has finished in [128] ms
23-Mar-2025 04:12:42.582 INFO [main] org.apache.catalina.startup.HostConfig.deployDirectory Deploying web application directory [/Users/rae-anandres/CATALINA_HOME/tomcat/tomcat3/webapps/manager]
23-Mar-2025 04:12:42.598 INFO [main] org.apache.catalina.startup.HostConfig.deployDirectory Deployment of web application directory [/Users/rae-anandres/CATALINA_HOME/tomcat/tomcat3/webapps/manager] has finished in [16] ms
23-Mar-2025 04:12:42.599 INFO [main] org.apache.catalina.startup.HostConfig.deployDirectory Deploying web application directory [/Users/rae-anandres/CATALINA_HOME/tomcat/tomcat3/webapps/examples]
23-Mar-2025 04:12:42.709 INFO [main] org.apache.catalina.startup.HostConfig.deployDirectory Deployment of web application directory [/Users/rae-anandres/CATALINA_HOME/tomcat/tomcat3/webapps/examples] has finished in [111] ms
23-Mar-2025 04:12:42.709 INFO [main] org.apache.catalina.startup.HostConfig.deployDirectory Deploying web application directory [/Users/rae-anandres/CATALINA_HOME/tomcat/tomcat3/webapps/ROOT]
23-Mar-2025 04:12:42.718 INFO [main] org.apache.catalina.startup.HostConfig.deployDirectory Deployment of web application directory [/Users/rae-anandres/CATALINA_HOME/tomcat/tomcat3/webapps/ROOT] has finished in [9] ms
23-Mar-2025 04:12:42.718 INFO [main] org.apache.catalina.startup.HostConfig.deployDirectory Deploying web application directory [/Users/rae-anandres/CATALINA_HOME/tomcat/tomcat3/webapps/host-manager]
23-Mar-2025 04:12:42.727 INFO [main] org.apache.catalina.startup.HostConfig.deployDirectory Deployment of web application directory [/Users/rae-anandres/CATALINA_HOME/tomcat/tomcat3/webapps/host-manager] has finished in [9] ms
23-Mar-2025 04:12:42.728 INFO [main] org.apache.coyote.AbstractProtocol.start Starting ProtocolHandler ["http-nio-8082"]
23-Mar-2025 04:12:42.735 INFO [main] org.apache.catalina.startup.Catalina.start Server startup in [299] milliseconds
23-Mar-2025 04:14:23.132 INFO [main] org.apache.catalina.core.StandardServer.await A valid shutdown command was received via the shutdown port. Stopping the Server instance.
23-Mar-2025 04:14:23.133 INFO [main] org.apache.coyote.AbstractProtocol.pause Pausing ProtocolHandler ["http-nio-8082"]
23-Mar-2025 04:14:23.135 INFO [main] org.apache.catalina.core.StandardService.stopInternal Stopping service [Catalina]
23-Mar-2025 04:14:23.145 INFO [main] org.apache.coyote.AbstractProtocol.stop Stopping ProtocolHandler ["http-nio-8082"]
23-Mar-2025 04:14:23.147 INFO [main] org.apache.coyote.AbstractProtocol.destroy Destroying ProtocolHandler ["http-nio-8082"]
23-Mar-2025 04:14:36.028 INFO [main] org.apache.catalina.startup.VersionLoggerListener.log Server version name:   Apache Tomcat/11.0.5
23-Mar-2025 04:14:36.030 INFO [main] org.apache.catalina.startup.VersionLoggerListener.log Server built:          Feb 28 2025 15:54:41 UTC
23-Mar-2025 04:14:36.030 INFO [main] org.apache.catalina.startup.VersionLoggerListener.log Server version number: 11.0.5.0
23-Mar-2025 04:14:36.030 INFO [main] org.apache.catalina.startup.VersionLoggerListener.log OS Name:               Mac OS X
23-Mar-2025 04:14:36.030 INFO [main] org.apache.catalina.startup.VersionLoggerListener.log OS Version:            15.3.1
23-Mar-2025 04:14:36.030 INFO [main] org.apache.catalina.startup.VersionLoggerListener.log Architecture:          aarch64
23-Mar-2025 04:14:36.030 INFO [main] org.apache.catalina.startup.VersionLoggerListener.log Java Home:             /Library/Java/JavaVirtualMachines/jdk-21.jdk/Contents/Home
23-Mar-2025 04:14:36.030 INFO [main] org.apache.catalina.startup.VersionLoggerListener.log JVM Version:           21.0.2+13-LTS-58
23-Mar-2025 04:14:36.030 INFO [main] org.apache.catalina.startup.VersionLoggerListener.log JVM Vendor:            Oracle Corporation
23-Mar-2025 04:14:36.030 INFO [main] org.apache.catalina.startup.VersionLoggerListener.log CATALINA_BASE:         /Users/rae-anandres/CATALINA_HOME/tomcat/tomcat3
23-Mar-2025 04:14:36.030 INFO [main] org.apache.catalina.startup.VersionLoggerListener.log CATALINA_HOME:         /Users/rae-anandres/CATALINA_HOME/tomcat/tomcat3
23-Mar-2025 04:14:36.035 INFO [main] org.apache.catalina.startup.VersionLoggerListener.log Command line argument: -Djava.util.logging.config.file=/Users/rae-anandres/CATALINA_HOME/tomcat/tomcat3/conf/logging.properties
23-Mar-2025 04:14:36.035 INFO [main] org.apache.catalina.startup.VersionLoggerListener.log Command line argument: -Djava.util.logging.manager=org.apache.juli.ClassLoaderLogManager
23-Mar-2025 04:14:36.035 INFO [main] org.apache.catalina.startup.VersionLoggerListener.log Command line argument: -Djdk.tls.ephemeralDHKeySize=2048
23-Mar-2025 04:14:36.035 INFO [main] org.apache.catalina.startup.VersionLoggerListener.log Command line argument: -Dorg.apache.catalina.security.SecurityListener.UMASK=0027
23-Mar-2025 04:14:36.035 INFO [main] org.apache.catalina.startup.VersionLoggerListener.log Command line argument: --add-opens=java.base/java.lang=ALL-UNNAMED
23-Mar-2025 04:14:36.035 INFO [main] org.apache.catalina.startup.VersionLoggerListener.log Command line argument: --add-opens=java.base/java.lang.reflect=ALL-UNNAMED
23-Mar-2025 04:14:36.035 INFO [main] org.apache.catalina.startup.VersionLoggerListener.log Command line argument: --add-opens=java.base/java.io=ALL-UNNAMED
23-Mar-2025 04:14:36.035 INFO [main] org.apache.catalina.startup.VersionLoggerListener.log Command line argument: --add-opens=java.base/java.util=ALL-UNNAMED
23-Mar-2025 04:14:36.035 INFO [main] org.apache.catalina.startup.VersionLoggerListener.log Command line argument: --add-opens=java.base/java.util.concurrent=ALL-UNNAMED
23-Mar-2025 04:14:36.035 INFO [main] org.apache.catalina.startup.VersionLoggerListener.log Command line argument: --add-opens=java.rmi/sun.rmi.transport=ALL-UNNAMED
23-Mar-2025 04:14:36.035 INFO [main] org.apache.catalina.startup.VersionLoggerListener.log Command line argument: --enable-native-access=ALL-UNNAMED
23-Mar-2025 04:14:36.035 INFO [main] org.apache.catalina.startup.VersionLoggerListener.log Command line argument: -Dcatalina.base=/Users/rae-anandres/CATALINA_HOME/tomcat/tomcat3
23-Mar-2025 04:14:36.035 INFO [main] org.apache.catalina.startup.VersionLoggerListener.log Command line argument: -Dcatalina.home=/Users/rae-anandres/CATALINA_HOME/tomcat/tomcat3
23-Mar-2025 04:14:36.035 INFO [main] org.apache.catalina.startup.VersionLoggerListener.log Command line argument: -Djava.io.tmpdir=/Users/rae-anandres/CATALINA_HOME/tomcat/tomcat3/temp
23-Mar-2025 04:14:36.040 INFO [main] org.apache.catalina.core.AprLifecycleListener.lifecycleEvent The Apache Tomcat Native library which allows using OpenSSL was not found on the java.library.path: [/Users/rae-anandres/Library/Java/Extensions:/Library/Java/Extensions:/Network/Library/Java/Extensions:/System/Library/Java/Extensions:/usr/lib/java:.]
23-Mar-2025 04:14:36.191 INFO [main] org.apache.coyote.AbstractProtocol.init Initializing ProtocolHandler ["http-nio-8082"]
23-Mar-2025 04:14:36.206 INFO [main] org.apache.catalina.startup.Catalina.load Server initialization in [255] milliseconds
23-Mar-2025 04:14:36.224 INFO [main] org.apache.catalina.core.StandardService.startInternal Starting service [Catalina]
23-Mar-2025 04:14:36.224 INFO [main] org.apache.catalina.core.StandardEngine.startInternal Starting Servlet engine: [Apache Tomcat/11.0.5]
23-Mar-2025 04:14:36.227 INFO [main] org.apache.catalina.startup.HostConfig.deployDirectory Deploying web application directory [/Users/rae-anandres/CATALINA_HOME/tomcat/tomcat3/webapps/docs]
23-Mar-2025 04:14:36.359 INFO [main] org.apache.catalina.startup.HostConfig.deployDirectory Deployment of web application directory [/Users/rae-anandres/CATALINA_HOME/tomcat/tomcat3/webapps/docs] has finished in [131] ms
23-Mar-2025 04:14:36.359 INFO [main] org.apache.catalina.startup.HostConfig.deployDirectory Deploying web application directory [/Users/rae-anandres/CATALINA_HOME/tomcat/tomcat3/webapps/manager]
23-Mar-2025 04:14:36.376 INFO [main] org.apache.catalina.startup.HostConfig.deployDirectory Deployment of web application directory [/Users/rae-anandres/CATALINA_HOME/tomcat/tomcat3/webapps/manager] has finished in [17] ms
23-Mar-2025 04:14:36.376 INFO [main] org.apache.catalina.startup.HostConfig.deployDirectory Deploying web application directory [/Users/rae-anandres/CATALINA_HOME/tomcat/tomcat3/webapps/examples]
23-Mar-2025 04:14:36.486 INFO [main] org.apache.catalina.startup.HostConfig.deployDirectory Deployment of web application directory [/Users/rae-anandres/CATALINA_HOME/tomcat/tomcat3/webapps/examples] has finished in [110] ms
23-Mar-2025 04:14:36.487 INFO [main] org.apache.catalina.startup.HostConfig.deployDirectory Deploying web application directory [/Users/rae-anandres/CATALINA_HOME/tomcat/tomcat3/webapps/ROOT]
23-Mar-2025 04:14:36.496 INFO [main] org.apache.catalina.startup.HostConfig.deployDirectory Deployment of web application directory [/Users/rae-anandres/CATALINA_HOME/tomcat/tomcat3/webapps/ROOT] has finished in [10] ms
23-Mar-2025 04:14:36.496 INFO [main] org.apache.catalina.startup.HostConfig.deployDirectory Deploying web application directory [/Users/rae-anandres/CATALINA_HOME/tomcat/tomcat3/webapps/host-manager]
23-Mar-2025 04:14:36.505 INFO [main] org.apache.catalina.startup.HostConfig.deployDirectory Deployment of web application directory [/Users/rae-anandres/CATALINA_HOME/tomcat/tomcat3/webapps/host-manager] has finished in [9] ms
23-Mar-2025 04:14:36.507 INFO [main] org.apache.coyote.AbstractProtocol.start Starting ProtocolHandler ["http-nio-8082"]
23-Mar-2025 04:14:36.514 INFO [main] org.apache.catalina.startup.Catalina.start Server startup in [306] milliseconds
23-Mar-2025 04:15:45.899 INFO [main] org.apache.catalina.core.StandardServer.await A valid shutdown command was received via the shutdown port. Stopping the Server instance.
23-Mar-2025 04:15:45.899 INFO [main] org.apache.coyote.AbstractProtocol.pause Pausing ProtocolHandler ["http-nio-8082"]
23-Mar-2025 04:15:45.902 INFO [main] org.apache.catalina.core.StandardService.stopInternal Stopping service [Catalina]
23-Mar-2025 04:15:45.912 INFO [main] org.apache.coyote.AbstractProtocol.stop Stopping ProtocolHandler ["http-nio-8082"]
23-Mar-2025 04:15:45.915 INFO [main] org.apache.coyote.AbstractProtocol.destroy Destroying ProtocolHandler ["http-nio-8082"]
23-Mar-2025 04:18:13.560 INFO [main] org.apache.catalina.startup.VersionLoggerListener.log Server version name:   Apache Tomcat/11.0.5
23-Mar-2025 04:18:13.562 INFO [main] org.apache.catalina.startup.VersionLoggerListener.log Server built:          Feb 28 2025 15:54:41 UTC
23-Mar-2025 04:18:13.562 INFO [main] org.apache.catalina.startup.VersionLoggerListener.log Server version number: 11.0.5.0
23-Mar-2025 04:18:13.562 INFO [main] org.apache.catalina.startup.VersionLoggerListener.log OS Name:               Mac OS X
23-Mar-2025 04:18:13.562 INFO [main] org.apache.catalina.startup.VersionLoggerListener.log OS Version:            15.3.1
23-Mar-2025 04:18:13.562 INFO [main] org.apache.catalina.startup.VersionLoggerListener.log Architecture:          aarch64
23-Mar-2025 04:18:13.562 INFO [main] org.apache.catalina.startup.VersionLoggerListener.log Java Home:             /Library/Java/JavaVirtualMachines/jdk-21.jdk/Contents/Home
23-Mar-2025 04:18:13.562 INFO [main] org.apache.catalina.startup.VersionLoggerListener.log JVM Version:           21.0.2+13-LTS-58
23-Mar-2025 04:18:13.562 INFO [main] org.apache.catalina.startup.VersionLoggerListener.log JVM Vendor:            Oracle Corporation
23-Mar-2025 04:18:13.562 INFO [main] org.apache.catalina.startup.VersionLoggerListener.log CATALINA_BASE:         /Users/rae-anandres/CATALINA_HOME/tomcat/tomcat3
23-Mar-2025 04:18:13.562 INFO [main] org.apache.catalina.startup.VersionLoggerListener.log CATALINA_HOME:         /Users/rae-anandres/CATALINA_HOME/tomcat/tomcat3
23-Mar-2025 04:18:13.567 INFO [main] org.apache.catalina.startup.VersionLoggerListener.log Command line argument: -Djava.util.logging.config.file=/Users/rae-anandres/CATALINA_HOME/tomcat/tomcat3/conf/logging.properties
23-Mar-2025 04:18:13.567 INFO [main] org.apache.catalina.startup.VersionLoggerListener.log Command line argument: -Djava.util.logging.manager=org.apache.juli.ClassLoaderLogManager
23-Mar-2025 04:18:13.567 INFO [main] org.apache.catalina.startup.VersionLoggerListener.log Command line argument: -Djdk.tls.ephemeralDHKeySize=2048
23-Mar-2025 04:18:13.567 INFO [main] org.apache.catalina.startup.VersionLoggerListener.log Command line argument: -Dorg.apache.catalina.security.SecurityListener.UMASK=0027
23-Mar-2025 04:18:13.567 INFO [main] org.apache.catalina.startup.VersionLoggerListener.log Command line argument: --add-opens=java.base/java.lang=ALL-UNNAMED
23-Mar-2025 04:18:13.567 INFO [main] org.apache.catalina.startup.VersionLoggerListener.log Command line argument: --add-opens=java.base/java.lang.reflect=ALL-UNNAMED
23-Mar-2025 04:18:13.567 INFO [main] org.apache.catalina.startup.VersionLoggerListener.log Command line argument: --add-opens=java.base/java.io=ALL-UNNAMED
23-Mar-2025 04:18:13.567 INFO [main] org.apache.catalina.startup.VersionLoggerListener.log Command line argument: --add-opens=java.base/java.util=ALL-UNNAMED
23-Mar-2025 04:18:13.567 INFO [main] org.apache.catalina.startup.VersionLoggerListener.log Command line argument: --add-opens=java.base/java.util.concurrent=ALL-UNNAMED
23-Mar-2025 04:18:13.567 INFO [main] org.apache.catalina.startup.VersionLoggerListener.log Command line argument: --add-opens=java.rmi/sun.rmi.transport=ALL-UNNAMED
23-Mar-2025 04:18:13.567 INFO [main] org.apache.catalina.startup.VersionLoggerListener.log Command line argument: --enable-native-access=ALL-UNNAMED
23-Mar-2025 04:18:13.567 INFO [main] org.apache.catalina.startup.VersionLoggerListener.log Command line argument: -Dcatalina.base=/Users/rae-anandres/CATALINA_HOME/tomcat/tomcat3
23-Mar-2025 04:18:13.567 INFO [main] org.apache.catalina.startup.VersionLoggerListener.log Command line argument: -Dcatalina.home=/Users/rae-anandres/CATALINA_HOME/tomcat/tomcat3
23-Mar-2025 04:18:13.567 INFO [main] org.apache.catalina.startup.VersionLoggerListener.log Command line argument: -Djava.io.tmpdir=/Users/rae-anandres/CATALINA_HOME/tomcat/tomcat3/temp
23-Mar-2025 04:18:13.573 INFO [main] org.apache.catalina.core.AprLifecycleListener.lifecycleEvent The Apache Tomcat Native library which allows using OpenSSL was not found on the java.library.path: [/Users/rae-anandres/Library/Java/Extensions:/Library/Java/Extensions:/Network/Library/Java/Extensions:/System/Library/Java/Extensions:/usr/lib/java:.]
23-Mar-2025 04:18:13.712 INFO [main] org.apache.coyote.AbstractProtocol.init Initializing ProtocolHandler ["http-nio-8082"]
23-Mar-2025 04:18:13.727 INFO [main] org.apache.catalina.startup.Catalina.load Server initialization in [248] milliseconds
23-Mar-2025 04:18:13.743 INFO [main] org.apache.catalina.core.StandardService.startInternal Starting service [Catalina]
23-Mar-2025 04:18:13.743 INFO [main] org.apache.catalina.core.StandardEngine.startInternal Starting Servlet engine: [Apache Tomcat/11.0.5]
23-Mar-2025 04:18:13.746 INFO [main] org.apache.catalina.startup.HostConfig.deployDirectory Deploying web application directory [/Users/rae-anandres/CATALINA_HOME/tomcat/tomcat3/webapps/docs]
23-Mar-2025 04:18:13.872 INFO [main] org.apache.catalina.startup.HostConfig.deployDirectory Deployment of web application directory [/Users/rae-anandres/CATALINA_HOME/tomcat/tomcat3/webapps/docs] has finished in [126] ms
23-Mar-2025 04:18:13.872 INFO [main] org.apache.catalina.startup.HostConfig.deployDirectory Deploying web application directory [/Users/rae-anandres/CATALINA_HOME/tomcat/tomcat3/webapps/manager]
23-Mar-2025 04:18:13.889 INFO [main] org.apache.catalina.startup.HostConfig.deployDirectory Deployment of web application directory [/Users/rae-anandres/CATALINA_HOME/tomcat/tomcat3/webapps/manager] has finished in [17] ms
23-Mar-2025 04:18:13.889 INFO [main] org.apache.catalina.startup.HostConfig.deployDirectory Deploying web application directory [/Users/rae-anandres/CATALINA_HOME/tomcat/tomcat3/webapps/examples]
23-Mar-2025 04:18:13.996 INFO [main] org.apache.catalina.startup.HostConfig.deployDirectory Deployment of web application directory [/Users/rae-anandres/CATALINA_HOME/tomcat/tomcat3/webapps/examples] has finished in [107] ms
23-Mar-2025 04:18:13.996 INFO [main] org.apache.catalina.startup.HostConfig.deployDirectory Deploying web application directory [/Users/rae-anandres/CATALINA_HOME/tomcat/tomcat3/webapps/ROOT]
23-Mar-2025 04:18:14.006 INFO [main] org.apache.catalina.startup.HostConfig.deployDirectory Deployment of web application directory [/Users/rae-anandres/CATALINA_HOME/tomcat/tomcat3/webapps/ROOT] has finished in [10] ms
23-Mar-2025 04:18:14.007 INFO [main] org.apache.catalina.startup.HostConfig.deployDirectory Deploying web application directory [/Users/rae-anandres/CATALINA_HOME/tomcat/tomcat3/webapps/host-manager]
23-Mar-2025 04:18:14.015 INFO [main] org.apache.catalina.startup.HostConfig.deployDirectory Deployment of web application directory [/Users/rae-anandres/CATALINA_HOME/tomcat/tomcat3/webapps/host-manager] has finished in [8] ms
23-Mar-2025 04:18:14.017 INFO [main] org.apache.coyote.AbstractProtocol.start Starting ProtocolHandler ["http-nio-8082"]
23-Mar-2025 04:18:14.023 INFO [main] org.apache.catalina.startup.Catalina.start Server startup in [295] milliseconds
23-Mar-2025 04:20:27.500 INFO [main] org.apache.catalina.core.StandardServer.await A valid shutdown command was received via the shutdown port. Stopping the Server instance.
23-Mar-2025 04:20:27.501 INFO [main] org.apache.coyote.AbstractProtocol.pause Pausing ProtocolHandler ["http-nio-8082"]
23-Mar-2025 04:20:27.503 INFO [main] org.apache.catalina.core.StandardService.stopInternal Stopping service [Catalina]
23-Mar-2025 04:20:27.512 INFO [main] org.apache.coyote.AbstractProtocol.stop Stopping ProtocolHandler ["http-nio-8082"]
23-Mar-2025 04:20:27.516 INFO [main] org.apache.coyote.AbstractProtocol.destroy Destroying ProtocolHandler ["http-nio-8082"]
23-Mar-2025 04:20:45.322 INFO [main] org.apache.catalina.startup.VersionLoggerListener.log Server version name:   Apache Tomcat/11.0.5
23-Mar-2025 04:20:45.324 INFO [main] org.apache.catalina.startup.VersionLoggerListener.log Server built:          Feb 28 2025 15:54:41 UTC
23-Mar-2025 04:20:45.324 INFO [main] org.apache.catalina.startup.VersionLoggerListener.log Server version number: 11.0.5.0
23-Mar-2025 04:20:45.324 INFO [main] org.apache.catalina.startup.VersionLoggerListener.log OS Name:               Mac OS X
23-Mar-2025 04:20:45.324 INFO [main] org.apache.catalina.startup.VersionLoggerListener.log OS Version:            15.3.1
23-Mar-2025 04:20:45.324 INFO [main] org.apache.catalina.startup.VersionLoggerListener.log Architecture:          aarch64
23-Mar-2025 04:20:45.324 INFO [main] org.apache.catalina.startup.VersionLoggerListener.log Java Home:             /Library/Java/JavaVirtualMachines/jdk-21.jdk/Contents/Home
23-Mar-2025 04:20:45.324 INFO [main] org.apache.catalina.startup.VersionLoggerListener.log JVM Version:           21.0.2+13-LTS-58
23-Mar-2025 04:20:45.324 INFO [main] org.apache.catalina.startup.VersionLoggerListener.log JVM Vendor:            Oracle Corporation
23-Mar-2025 04:20:45.325 INFO [main] org.apache.catalina.startup.VersionLoggerListener.log CATALINA_BASE:         /Users/rae-anandres/CATALINA_HOME/tomcat/tomcat3
23-Mar-2025 04:20:45.325 INFO [main] org.apache.catalina.startup.VersionLoggerListener.log CATALINA_HOME:         /Users/rae-anandres/CATALINA_HOME/tomcat/tomcat3
23-Mar-2025 04:20:45.330 INFO [main] org.apache.catalina.startup.VersionLoggerListener.log Command line argument: -Djava.util.logging.config.file=/Users/rae-anandres/CATALINA_HOME/tomcat/tomcat3/conf/logging.properties
23-Mar-2025 04:20:45.330 INFO [main] org.apache.catalina.startup.VersionLoggerListener.log Command line argument: -Djava.util.logging.manager=org.apache.juli.ClassLoaderLogManager
23-Mar-2025 04:20:45.330 INFO [main] org.apache.catalina.startup.VersionLoggerListener.log Command line argument: -Djdk.tls.ephemeralDHKeySize=2048
23-Mar-2025 04:20:45.330 INFO [main] org.apache.catalina.startup.VersionLoggerListener.log Command line argument: -Dorg.apache.catalina.security.SecurityListener.UMASK=0027
23-Mar-2025 04:20:45.330 INFO [main] org.apache.catalina.startup.VersionLoggerListener.log Command line argument: --add-opens=java.base/java.lang=ALL-UNNAMED
23-Mar-2025 04:20:45.330 INFO [main] org.apache.catalina.startup.VersionLoggerListener.log Command line argument: --add-opens=java.base/java.lang.reflect=ALL-UNNAMED
23-Mar-2025 04:20:45.330 INFO [main] org.apache.catalina.startup.VersionLoggerListener.log Command line argument: --add-opens=java.base/java.io=ALL-UNNAMED
23-Mar-2025 04:20:45.330 INFO [main] org.apache.catalina.startup.VersionLoggerListener.log Command line argument: --add-opens=java.base/java.util=ALL-UNNAMED
23-Mar-2025 04:20:45.330 INFO [main] org.apache.catalina.startup.VersionLoggerListener.log Command line argument: --add-opens=java.base/java.util.concurrent=ALL-UNNAMED
23-Mar-2025 04:20:45.330 INFO [main] org.apache.catalina.startup.VersionLoggerListener.log Command line argument: --add-opens=java.rmi/sun.rmi.transport=ALL-UNNAMED
23-Mar-2025 04:20:45.330 INFO [main] org.apache.catalina.startup.VersionLoggerListener.log Command line argument: --enable-native-access=ALL-UNNAMED
23-Mar-2025 04:20:45.330 INFO [main] org.apache.catalina.startup.VersionLoggerListener.log Command line argument: -Dcatalina.base=/Users/rae-anandres/CATALINA_HOME/tomcat/tomcat3
23-Mar-2025 04:20:45.330 INFO [main] org.apache.catalina.startup.VersionLoggerListener.log Command line argument: -Dcatalina.home=/Users/rae-anandres/CATALINA_HOME/tomcat/tomcat3
23-Mar-2025 04:20:45.330 INFO [main] org.apache.catalina.startup.VersionLoggerListener.log Command line argument: -Djava.io.tmpdir=/Users/rae-anandres/CATALINA_HOME/tomcat/tomcat3/temp
23-Mar-2025 04:20:45.336 INFO [main] org.apache.catalina.core.AprLifecycleListener.lifecycleEvent The Apache Tomcat Native library which allows using OpenSSL was not found on the java.library.path: [/Users/rae-anandres/Library/Java/Extensions:/Library/Java/Extensions:/Network/Library/Java/Extensions:/System/Library/Java/Extensions:/usr/lib/java:.]
23-Mar-2025 04:20:45.480 INFO [main] org.apache.coyote.AbstractProtocol.init Initializing ProtocolHandler ["http-nio-8082"]
23-Mar-2025 04:20:45.495 INFO [main] org.apache.catalina.startup.Catalina.load Server initialization in [258] milliseconds
23-Mar-2025 04:20:45.512 INFO [main] org.apache.catalina.core.StandardService.startInternal Starting service [Catalina]
23-Mar-2025 04:20:45.512 INFO [main] org.apache.catalina.core.StandardEngine.startInternal Starting Servlet engine: [Apache Tomcat/11.0.5]
23-Mar-2025 04:20:45.515 INFO [main] org.apache.catalina.startup.HostConfig.deployDirectory Deploying web application directory [/Users/rae-anandres/CATALINA_HOME/tomcat/tomcat3/webapps/docs]
23-Mar-2025 04:20:45.644 INFO [main] org.apache.catalina.startup.HostConfig.deployDirectory Deployment of web application directory [/Users/rae-anandres/CATALINA_HOME/tomcat/tomcat3/webapps/docs] has finished in [129] ms
23-Mar-2025 04:20:45.644 INFO [main] org.apache.catalina.startup.HostConfig.deployDirectory Deploying web application directory [/Users/rae-anandres/CATALINA_HOME/tomcat/tomcat3/webapps/manager]
23-Mar-2025 04:20:45.662 INFO [main] org.apache.catalina.startup.HostConfig.deployDirectory Deployment of web application directory [/Users/rae-anandres/CATALINA_HOME/tomcat/tomcat3/webapps/manager] has finished in [18] ms
23-Mar-2025 04:20:45.663 INFO [main] org.apache.catalina.startup.HostConfig.deployDirectory Deploying web application directory [/Users/rae-anandres/CATALINA_HOME/tomcat/tomcat3/webapps/examples]
23-Mar-2025 04:20:45.773 INFO [main] org.apache.catalina.startup.HostConfig.deployDirectory Deployment of web application directory [/Users/rae-anandres/CATALINA_HOME/tomcat/tomcat3/webapps/examples] has finished in [110] ms
23-Mar-2025 04:20:45.773 INFO [main] org.apache.catalina.startup.HostConfig.deployDirectory Deploying web application directory [/Users/rae-anandres/CATALINA_HOME/tomcat/tomcat3/webapps/ROOT]
23-Mar-2025 04:20:45.782 INFO [main] org.apache.catalina.startup.HostConfig.deployDirectory Deployment of web application directory [/Users/rae-anandres/CATALINA_HOME/tomcat/tomcat3/webapps/ROOT] has finished in [9] ms
23-Mar-2025 04:20:45.782 INFO [main] org.apache.catalina.startup.HostConfig.deployDirectory Deploying web application directory [/Users/rae-anandres/CATALINA_HOME/tomcat/tomcat3/webapps/host-manager]
23-Mar-2025 04:20:45.791 INFO [main] org.apache.catalina.startup.HostConfig.deployDirectory Deployment of web application directory [/Users/rae-anandres/CATALINA_HOME/tomcat/tomcat3/webapps/host-manager] has finished in [8] ms
23-Mar-2025 04:20:45.792 INFO [main] org.apache.coyote.AbstractProtocol.start Starting ProtocolHandler ["http-nio-8082"]
23-Mar-2025 04:20:45.798 INFO [main] org.apache.catalina.startup.Catalina.start Server startup in [302] milliseconds
23-Mar-2025 04:29:17.639 INFO [main] org.apache.catalina.core.StandardServer.await A valid shutdown command was received via the shutdown port. Stopping the Server instance.
23-Mar-2025 04:29:17.655 INFO [main] org.apache.coyote.AbstractProtocol.pause Pausing ProtocolHandler ["http-nio-8082"]
23-Mar-2025 04:29:17.663 INFO [main] org.apache.catalina.core.StandardService.stopInternal Stopping service [Catalina]
23-Mar-2025 04:29:17.675 INFO [main] org.apache.coyote.AbstractProtocol.stop Stopping ProtocolHandler ["http-nio-8082"]
23-Mar-2025 04:29:17.688 INFO [main] org.apache.coyote.AbstractProtocol.destroy Destroying ProtocolHandler ["http-nio-8082"]
